#
# There is insufficient memory for the Java Runtime Environment to continue.
# Native memory allocation (mmap) failed to map 268435456 bytes for Failed to commit area from 0x0000000701000000 to 0x0000000711000000 of length 268435456.
# Possible reasons:
#   The system is out of physical RAM or swap space
#   The process is running with CompressedOops enabled, and the Java Heap may be blocking the growth of the native heap
# Possible solutions:
#   Reduce memory load on the system
#   Increase physical memory or swap space
#   Check if swap backing store is full
#   Decrease Java heap size (-Xmx/-Xms)
#   Decrease number of Java threads
#   Decrease Java thread stack sizes (-Xss)
#   Set larger code cache with -XX:ReservedCodeCacheSize=
# This output file may be truncated or incomplete.
#
#  Out of Memory Error (./src/hotspot/os/windows/os_windows.cpp:3311), pid=38240, tid=31864
#
# JRE version:  (11.0.13+8) (build )
# Java VM: OpenJDK 64-Bit Server VM (11.0.13+8-LTS, mixed mode, sharing, tiered, compressed oops, g1 gc, windows-amd64)
# No core dump will be written. Minidumps are not enabled by default on client versions of Windows
#

---------------  S U M M A R Y ------------

Command Line: -javaagent:C:\Program Files\JetBrains\IntelliJ IDEA Community Edition 2021.2.3\lib\idea_rt.jar=50717:C:\Program Files\JetBrains\IntelliJ IDEA Community Edition 2021.2.3\bin -Dfile.encoding=UTF-8 com.client.Client -l

Host: AMD Ryzen 5 3600 6-Core Processor              , 12 cores, 15G,  Windows 10 , 64 bit Build 22000 (10.0.22000.318)
Time: Sun May 22 20:57:11 2022 GMT Summer Time elapsed time: 0.019760 seconds (0d 0h 0m 0s)

---------------  T H R E A D  ---------------

Current thread (0x0000020a6bce4000):  JavaThread "Unknown thread" [_thread_in_vm, id=31864, stack(0x000000ea23c00000,0x000000ea23d00000)]

Stack: [0x000000ea23c00000,0x000000ea23d00000]
Native frames: (J=compiled Java code, j=interpreted, Vv=VM code, C=native code)
V  [jvm.dll+0x61ccaa]
V  [jvm.dll+0x7a9839]
V  [jvm.dll+0x7aaeff]
V  [jvm.dll+0x7ab5d3]
V  [jvm.dll+0x24f5d8]
V  [jvm.dll+0x619fba]
V  [jvm.dll+0x60e865]
V  [jvm.dll+0x30710c]
V  [jvm.dll+0x306f92]
V  [jvm.dll+0x30bcb6]
V  [jvm.dll+0x350eaf]
V  [jvm.dll+0x3508e0]
V  [jvm.dll+0x2e4208]
V  [jvm.dll+0x2e5366]
V  [jvm.dll+0x783657]
V  [jvm.dll+0x784ddf]
V  [jvm.dll+0x35dc39]
V  [jvm.dll+0x7665e0]
V  [jvm.dll+0x3cb68f]
V  [jvm.dll+0x3cda21]
C  [jli.dll+0x5207]
C  [ucrtbase.dll+0x26c0c]
C  [KERNEL32.DLL+0x154e0]
C  [ntdll.dll+0x485b]


---------------  P R O C E S S  ---------------

Threads class SMR info:
_java_thread_list=0x0000020a69a1c930, length=0, elements={
}

Java Threads: ( => current thread )

Other Threads:
  0x0000020a6bcfc800 GCTaskThread "GC Thread#0" [stack: 0x000000ea23d00000,0x000000ea23e00000] [id=21716]
  0x0000020a6bd5a800 ConcurrentGCThread "G1 Main Marker" [stack: 0x000000ea23e00000,0x000000ea23f00000] [id=16236]
  0x0000020a6bd5c000 ConcurrentGCThread "G1 Conc#0" [stack: 0x000000ea23f00000,0x000000ea24000000] [id=1016]

[error occurred during error reporting (printing all threads), id 0xc0000005, EXCEPTION_ACCESS_VIOLATION (0xc0000005) at pc=0x00007ff95c7538e7]

VM state:not at safepoint (not fully initialized)

VM Mutex/Monitor currently owned by a thread:  ([mutex/lock_event])
[0x0000020a6bce10f0] Heap_lock - owner thread: 0x0000020a6bce4000

Heap address: 0x0000000701000000, size: 4080 MB, Compressed Oops mode: Non-zero based: 0x0000000701000000
Narrow klass base: 0x0000000000000000, Narrow klass shift: 0

GC Heap History (0 events):
No events

Deoptimization events (0 events):
No events

Classes redefined (0 events):
No events

Internal exceptions (0 events):
No events

Events (1 events):
Event: 0.012 Loaded shared library C:\Users\Administrator\.jdks\corretto-11.0.13\bin\zip.dll


Dynamic libraries:
0x00007ff6a2520000 - 0x00007ff6a252d000 	C:\Users\Administrator\.jdks\corretto-11.0.13\bin\java.exe
0x00007ff9b8a80000 - 0x00007ff9b8c87000 	C:\Windows\SYSTEM32\ntdll.dll
0x00007ff9b6aa0000 - 0x00007ff9b6b5d000 	C:\Windows\System32\KERNEL32.DLL
0x00007ff9b6440000 - 0x00007ff9b67b4000 	C:\Windows\System32\KERNELBASE.dll
0x00007ff9b60c0000 - 0x00007ff9b61d1000 	C:\Windows\System32\ucrtbase.dll
0x00007ff9aa6f0000 - 0x00007ff9aa707000 	C:\Users\Administrator\.jdks\corretto-11.0.13\bin\jli.dll
0x00007ff9aa710000 - 0x00007ff9aa729000 	C:\Users\Administrator\.jdks\corretto-11.0.13\bin\VCRUNTIME140.dll
0x00007ff9b68e0000 - 0x00007ff9b6a8c000 	C:\Windows\System32\USER32.dll
0x00007ff9a8930000 - 0x00007ff9a8bd5000 	C:\Windows\WinSxS\amd64_microsoft.windows.common-controls_6595b64144ccf1df_6.0.22000.120_none_9d947278b86cc467\COMCTL32.dll
0x00007ff9b61e0000 - 0x00007ff9b6206000 	C:\Windows\System32\win32u.dll
0x00007ff9b6cb0000 - 0x00007ff9b6d53000 	C:\Windows\System32\msvcrt.dll
0x00007ff9b7280000 - 0x00007ff9b72a9000 	C:\Windows\System32\GDI32.dll
0x00007ff9b5f30000 - 0x00007ff9b6042000 	C:\Windows\System32\gdi32full.dll
0x00007ff9b6840000 - 0x00007ff9b68dd000 	C:\Windows\System32\msvcp_win.dll
0x00007ff9b82c0000 - 0x00007ff9b82f1000 	C:\Windows\System32\IMM32.DLL
0x00007ff98aa70000 - 0x00007ff98ab0b000 	C:\Users\Administrator\.jdks\corretto-11.0.13\bin\msvcp140.dll
0x00007ff95c460000 - 0x00007ff95cfdf000 	C:\Users\Administrator\.jdks\corretto-11.0.13\bin\server\jvm.dll
0x00007ff9b77e0000 - 0x00007ff9b788c000 	C:\Windows\System32\ADVAPI32.dll
0x00007ff9b81c0000 - 0x00007ff9b825d000 	C:\Windows\System32\sechost.dll
0x00007ff9b7570000 - 0x00007ff9b7691000 	C:\Windows\System32\RPCRT4.dll
0x00007ff9b6d60000 - 0x00007ff9b6d68000 	C:\Windows\System32\PSAPI.DLL
0x00007ff99dc40000 - 0x00007ff99dc49000 	C:\Windows\SYSTEM32\WSOCK32.dll
0x00007ff9ab0f0000 - 0x00007ff9ab123000 	C:\Windows\SYSTEM32\WINMM.dll
0x00007ff9b8300000 - 0x00007ff9b836f000 	C:\Windows\System32\WS2_32.dll
0x00007ff9b04c0000 - 0x00007ff9b04ca000 	C:\Windows\SYSTEM32\VERSION.dll
0x00007ff9b5050000 - 0x00007ff9b5068000 	C:\Windows\SYSTEM32\kernel.appcore.dll
0x00007ff9a1370000 - 0x00007ff9a1380000 	C:\Users\Administrator\.jdks\corretto-11.0.13\bin\verify.dll
0x00007ff9a6080000 - 0x00007ff9a62a1000 	C:\Windows\SYSTEM32\DBGHELP.DLL
0x00007ff9a3050000 - 0x00007ff9a3081000 	C:\Windows\SYSTEM32\dbgcore.DLL
0x00007ff9b67c0000 - 0x00007ff9b6840000 	C:\Windows\System32\bcryptPrimitives.dll
0x00007ff98aa40000 - 0x00007ff98aa68000 	C:\Users\Administrator\.jdks\corretto-11.0.13\bin\java.dll
0x00007ff9a1360000 - 0x00007ff9a136a000 	C:\Users\Administrator\.jdks\corretto-11.0.13\bin\jimage.dll
0x00007ff997a90000 - 0x00007ff997a9e000 	C:\Users\Administrator\.jdks\corretto-11.0.13\bin\instrument.dll
0x00007ff9a1110000 - 0x00007ff9a1127000 	C:\Users\Administrator\.jdks\corretto-11.0.13\bin\zip.dll

dbghelp: loaded successfully - version: 4.0.5 - missing functions: none
symbol engine: initialized successfully - sym options: 0x614 - pdb path: .;C:\Users\Administrator\.jdks\corretto-11.0.13\bin;C:\Windows\SYSTEM32;C:\Windows\WinSxS\amd64_microsoft.windows.common-controls_6595b64144ccf1df_6.0.22000.120_none_9d947278b86cc467;C:\Users\Administrator\.jdks\corretto-11.0.13\bin\server

VM Arguments:
jvm_args: -javaagent:C:\Program Files\JetBrains\IntelliJ IDEA Community Edition 2021.2.3\lib\idea_rt.jar=50717:C:\Program Files\JetBrains\IntelliJ IDEA Community Edition 2021.2.3\bin -Dfile.encoding=UTF-8 
java_command: com.client.Client -l
java_class_path (initial): C:\Users\Administrator\Desktop\xero 204\xeros with 204 data\Client\Client\out\production\classes;C:\Users\Administrator\Desktop\xero 204\xeros with 204 data\Client\Client\out\production\resources;C:\Users\Administrator\.gradle\caches\modules-2\files-2.1\ch.qos.logback\logback-classic\1.2.3\7c4f3c474fb2c041d8028740440937705ebb473a\logback-classic-1.2.3.jar;C:\Users\Administrator\.gradle\caches\modules-2\files-2.1\org.slf4j\slf4j-api\1.7.25\da76ca59f6a57ee3102f8f9bd9cee742973efa8a\slf4j-api-1.7.25.jar;C:\Users\Administrator\.gradle\caches\modules-2\files-2.1\com.google.guava\guava\19.0\6ce200f6b23222af3d8abb6b6459e6c44f4bb0e9\guava-19.0.jar;C:\Users\Administrator\.gradle\caches\modules-2\files-2.1\commons-io\commons-io\2.6\815893df5f31da2ece4040fe0a12fd44b577afaf\commons-io-2.6.jar;C:\Users\Administrator\.gradle\caches\modules-2\files-2.1\org.apache.commons\commons-lang3\3.9\122c7cee69b53ed4a7681c03d4ee4c0e2765da5\commons-lang3-3.9.jar;C:\Users\Administrator\.gradle\caches\modules-2\files-2.1\com.fasterxml.jackson.core\jackson-databind\2.8.6\c43de61f74ecc61322ef8f402837ba65b0aa2bf4\jackson-databind-2.8.6.jar;C:\Users\Administrator\.gradle\caches\modules-2\files-2.1\com.dorkbox\Notify\3.7\e02d76b599723fa4df6e8035ada16bc95e9c4402\Notify-3.7.jar;C:\Users\Administrator\.gradle\caches\modules-2\files-2.1\com.google.code.gson\gson\2.8.6\9180733b7df8542621dc12e21e87557e8c99b8cb\gson-2.8.6.jar;C:\Users\Administrator\.gradle\caches\modules-2\files-2.1\net.oneandone.reflections8\reflections8\0.11.7\e71f98ce021b886a4bb249397c93c968b62e6ed4\reflections8-0.11.7.jar;C:\Users\Administrator\.gradle\caches\modules-2\files-2.1\com.fasterxml.jackson.dataformat\jackson-dataformat-yaml\2.8.6\8bd44d50f9a6cdff9c7578ea39d524eb519e35ab\jackson-dataformat-yaml-2.8.6.jar;C:\Users\Administrator\.gradle\caches\modules-2\files-2.1\com.fasterxml.jackson.core\jackson-core\2.8.6\2ef7b1cc34de149600f5e75bc2d5bf40de894e60\jackson-core-2.8.6.jar;C:\Users\Administrator\.gradle
Launcher Type: SUN_STANDARD

[Global flags]
     intx CICompilerCount                          = 4                                         {product} {ergonomic}
     uint ConcGCThreads                            = 3                                         {product} {ergonomic}
     uint G1ConcRefinementThreads                  = 10                                        {product} {ergonomic}
   size_t G1HeapRegionSize                         = 1048576                                   {product} {ergonomic}
    uintx GCDrainStackTargetSize                   = 64                                        {product} {ergonomic}
   size_t InitialHeapSize                          = 268435456                                 {product} {ergonomic}
   size_t MarkStackSize                            = 4194304                                   {product} {ergonomic}
   size_t MaxHeapSize                              = 4278190080                                {product} {ergonomic}
   size_t MinHeapDeltaBytes                        = 1048576                                   {product} {ergonomic}
    uintx NonNMethodCodeHeapSize                   = 5836300                                {pd product} {ergonomic}
    uintx NonProfiledCodeHeapSize                  = 122910970                              {pd product} {ergonomic}
    uintx ProfiledCodeHeapSize                     = 122910970                              {pd product} {ergonomic}
    uintx ReservedCodeCacheSize                    = 251658240                              {pd product} {ergonomic}
     bool SegmentedCodeCache                       = true                                      {product} {ergonomic}
     bool UseCompressedClassPointers               = true                                 {lp64_product} {ergonomic}
     bool UseCompressedOops                        = true                                 {lp64_product} {ergonomic}
     bool UseG1GC                                  = true                                      {product} {ergonomic}
     bool UseLargePagesIndividualAllocation        = false                                  {pd product} {ergonomic}

Logging:
Log output configuration:
 #0: stdout all=warning uptime,level,tags
 #1: stderr all=off uptime,level,tags

Environment Variables:
PATH=C:\Program Files (x86)\VMware\VMware Player\bin\;C:\Program Files\Common Files\Oracle\Java\javapath;C:\Program Files (x86)\Razer\ChromaBroadcast\bin;C:\Program Files\Razer\ChromaBroadcast\bin;C:\Windows\system32;C:\Windows;C:\Windows\System32\Wbem;C:\Windows\System32\WindowsPowerShell\v1.0\;C:\Windows\System32\OpenSSH\;C:\Windows\system32\config\systemprofile\AppData\Local\Microsoft\WindowsApps;C:\Program Files (x86)\NVIDIA Corporation\PhysX\Common;C:\Program Files\NVIDIA Corporation\NVIDIA NvDLISR;C:\Program Files\nodejs\;C:\Program Files\Git\cmd;C:\Program Files\dotnet\;C:\Users\Administrator\AppData\Local\Microsoft\WindowsApps;C:\Program Files\JetBrains\IntelliJ IDEA Community Edition 2021.2.3\bin;C:\Users\Administrator\AppData\Roaming\npm;C:\Users\Administrator\AppData\Local\gitkraken\bin;C:\Users\Administrator\.dotnet\tools
USERNAME=Administrator
OS=Windows_NT
PROCESSOR_IDENTIFIER=AMD64 Family 23 Model 113 Stepping 0, AuthenticAMD



---------------  S Y S T E M  ---------------

OS: Windows 10 , 64 bit Build 22000 (10.0.22000.318)
OS uptime: 25 days 9:34 hours

CPU:total 12 (initial active 12) (12 cores per cpu, 2 threads per core) family 23 model 113 stepping 0 microcode 0x0, cmov, cx8, fxsr, mmx, sse, sse2, sse3, ssse3, sse4.1, sse4.2, popcnt, avx, avx2, aes, clmul, mmxext, 3dnowpref, lzcnt, sse4a, ht, tsc, tscinvbit, tscinv, bmi1, bmi2, adx, sha, fma

Memory: 4k page, system-wide physical 16315M (717M free)
TotalPageFile size 44917M (AvailPageFile size 44M)
current process WorkingSet (physical memory assigned to process): 10M, peak: 10M
current process commit charge ("private bytes"): 64M, peak: 320M

vm_info: OpenJDK 64-Bit Server VM (11.0.13+8-LTS) for windows-amd64 JRE (11.0.13+8-LTS), built on Oct 13 2021 21:32:06 by "Administrator" with unknown MS VC++:1916

END.
