#
# There is insufficient memory for the Java Runtime Environment to continue.
# Native memory allocation (malloc) failed to allocate 1897776 bytes for Chunk::new
# Possible reasons:
#   The system is out of physical RAM or swap space
#   The process is running with CompressedOops enabled, and the Java Heap may be blocking the growth of the native heap
# Possible solutions:
#   Reduce memory load on the system
#   Increase physical memory or swap space
#   Check if swap backing store is full
#   Decrease Java heap size (-Xmx/-Xms)
#   Decrease number of Java threads
#   Decrease Java thread stack sizes (-Xss)
#   Set larger code cache with -XX:ReservedCodeCacheSize=
#   JVM is running with Zero Based Compressed Oops mode in which the Java heap is
#     placed in the first 32GB address space. The Java Heap base address is the
#     maximum limit for the native heap growth. Please use -XX:HeapBaseMinAddress
#     to set the Java Heap base and to place the Java Heap above 32GB virtual address.
# This output file may be truncated or incomplete.
#
#  Out of Memory Error (./src/hotspot/share/memory/arena.cpp:197), pid=21380, tid=31696
#
# JRE version: OpenJDK Runtime Environment Corretto-11.0.13.8.1 (11.0.13+8) (build 11.0.13+8-LTS)
# Java VM: OpenJDK 64-Bit Server VM Corretto-11.0.13.8.1 (11.0.13+8-LTS, mixed mode, tiered, compressed oops, g1 gc, windows-amd64)
# No core dump will be written. Minidumps are not enabled by default on client versions of Windows
#

---------------  S U M M A R Y ------------

Command Line: -javaagent:C:\Program Files\JetBrains\IntelliJ IDEA Community Edition 2021.2.3\lib\idea_rt.jar=50695:C:\Program Files\JetBrains\IntelliJ IDEA Community Edition 2021.2.3\bin -Dfile.encoding=UTF-8 com.client.Client -l

Host: AMD Ryzen 5 3600 6-Core Processor              , 12 cores, 15G,  Windows 10 , 64 bit Build 22000 (10.0.22000.318)
Time: Sun May 22 20:56:54 2022 GMT Summer Time elapsed time: 21.028957 seconds (0d 0h 0m 21s)

---------------  T H R E A D  ---------------

Current thread (0x000001d2e7af2000):  JavaThread "C2 CompilerThread0" daemon [_thread_in_native, id=31696, stack(0x000000653d800000,0x000000653d900000)]


Current CompileTask:
C2:  21029 2858   !   4       sun.awt.image.PNGImageDecoder::produceImage (1916 bytes)

Stack: [0x000000653d800000,0x000000653d900000]
Native frames: (J=compiled Java code, j=interpreted, Vv=VM code, C=native code)
V  [jvm.dll+0x61ccaa]
V  [jvm.dll+0x7a9839]
V  [jvm.dll+0x7aaeff]
V  [jvm.dll+0x7ab5d3]
V  [jvm.dll+0x24f5d8]
V  [jvm.dll+0xc260c]
V  [jvm.dll+0xc2bcc]
V  [jvm.dll+0x358187]
V  [jvm.dll+0x19e5c1]
V  [jvm.dll+0x208ac2]
V  [jvm.dll+0x207b9d]
V  [jvm.dll+0x18a021]
V  [jvm.dll+0x217369]
V  [jvm.dll+0x21555b]
V  [jvm.dll+0x76c2f0]
V  [jvm.dll+0x765274]
V  [jvm.dll+0x61bb46]
C  [ucrtbase.dll+0x26c0c]
C  [KERNEL32.DLL+0x154e0]
C  [ntdll.dll+0x485b]


---------------  P R O C E S S  ---------------

Threads class SMR info:
_java_thread_list=0x000001d2e81f6a90, length=21, elements={
0x000001d2e71f8000, 0x000001d2e71f0000, 0x000001d2e71fd000, 0x000001d2e71fe800,
0x000001d2e7aec800, 0x000001d2e7af2000, 0x000001d2e7afb800, 0x000001d2e7b13800,
0x000001d2e7c69800, 0x000001d2e7ded000, 0x000001d2e85e1800, 0x000001d2e85ec800,
0x000001d2e8524000, 0x000001d2e9a72800, 0x000001d2e9a4e800, 0x000001d2e81f2800,
0x000001d2e8366000, 0x000001d2f1a4f800, 0x000001d2f1a4a000, 0x000001d2f1a4a800,
0x000001d2f1a4b800
}

Java Threads: ( => current thread )
  0x000001d2e71f8000 JavaThread "Reference Handler" daemon [_thread_blocked, id=4472, stack(0x000000653d300000,0x000000653d400000)]
  0x000001d2e71f0000 JavaThread "Finalizer" daemon [_thread_blocked, id=26888, stack(0x000000653d400000,0x000000653d500000)]
  0x000001d2e71fd000 JavaThread "Signal Dispatcher" daemon [_thread_blocked, id=17392, stack(0x000000653d500000,0x000000653d600000)]
  0x000001d2e71fe800 JavaThread "Attach Listener" daemon [_thread_blocked, id=18492, stack(0x000000653d600000,0x000000653d700000)]
  0x000001d2e7aec800 JavaThread "Service Thread" daemon [_thread_blocked, id=22852, stack(0x000000653d700000,0x000000653d800000)]
=>0x000001d2e7af2000 JavaThread "C2 CompilerThread0" daemon [_thread_in_native, id=31696, stack(0x000000653d800000,0x000000653d900000)]
  0x000001d2e7afb800 JavaThread "C1 CompilerThread0" daemon [_thread_blocked, id=2724, stack(0x000000653d900000,0x000000653da00000)]
  0x000001d2e7b13800 JavaThread "Sweeper thread" daemon [_thread_blocked, id=16544, stack(0x000000653da00000,0x000000653db00000)]
  0x000001d2e7c69800 JavaThread "Common-Cleaner" daemon [_thread_blocked, id=18516, stack(0x000000653db00000,0x000000653dc00000)]
  0x000001d2e7ded000 JavaThread "Monitor Ctrl-Break" daemon [_thread_in_native, id=9472, stack(0x000000653dc00000,0x000000653dd00000)]
  0x000001d2e85e1800 JavaThread "Java2D Disposer" daemon [_thread_blocked, id=19508, stack(0x000000653de00000,0x000000653df00000)]
  0x000001d2e85ec800 JavaThread "AWT-Windows" daemon [_thread_in_native, id=32672, stack(0x000000653e000000,0x000000653e100000)]
  0x000001d2e8524000 JavaThread "Image Fetcher 0" daemon [_thread_in_native, id=26300, stack(0x000000653e470000,0x000000653e570000)]
  0x000001d2e9a72800 JavaThread "Image Fetcher 1" daemon [_thread_blocked, id=9796, stack(0x000000653e570000,0x000000653e670000)]
  0x000001d2e9a4e800 JavaThread "Thread-1" daemon [_thread_blocked, id=31540, stack(0x000000653e370000,0x000000653e470000)]
  0x000001d2e81f2800 JavaThread "AWT-Shutdown" [_thread_blocked, id=7620, stack(0x000000653eb70000,0x000000653ec70000)]
  0x000001d2e8366000 JavaThread "AWT-EventQueue-0" [_thread_blocked, id=19484, stack(0x000000653ec70000,0x000000653ed70000)]
  0x000001d2f1a4f800 JavaThread "D3D Screen Updater" daemon [_thread_blocked, id=19312, stack(0x000000653ed70000,0x000000653ee70000)]
  0x000001d2f1a4a000 JavaThread "Thread-2" [_thread_blocked, id=19436, stack(0x000000653ee70000,0x000000653ef70000)]
  0x000001d2f1a4a800 JavaThread "DestroyJavaVM" [_thread_blocked, id=8872, stack(0x000000653cc00000,0x000000653cd00000)]
  0x000001d2f1a4b800 JavaThread "Thread-3" [_thread_blocked, id=9892, stack(0x000000653f480000,0x000000653f580000)]

Other Threads:
  0x000001d2e71e6000 VMThread "VM Thread" [stack: 0x000000653d200000,0x000000653d300000] [id=23996]
  0x000001d2e7fa8800 WatcherThread [stack: 0x000000653dd00000,0x000000653de00000] [id=9828]
  0x000001d2c306b000 GCTaskThread "GC Thread#0" [stack: 0x000000653cd00000,0x000000653ce00000] [id=14868]
  0x000001d2e9e79800 GCTaskThread "GC Thread#1" [stack: 0x000000653e670000,0x000000653e770000] [id=23864]
  0x000001d2e825f000 GCTaskThread "GC Thread#2" [stack: 0x000000653e770000,0x000000653e870000] [id=10236]
  0x000001d2e9b08000 GCTaskThread "GC Thread#3" [stack: 0x000000653e870000,0x000000653e970000] [id=34784]
  0x000001d2e9fa1000 GCTaskThread "GC Thread#4" [stack: 0x000000653e970000,0x000000653ea70000] [id=2396]
  0x000001d2e8039800 GCTaskThread "GC Thread#5" [stack: 0x000000653ea70000,0x000000653eb70000] [id=23272]
  0x000001d2f215f000 GCTaskThread "GC Thread#6" [stack: 0x000000653ef80000,0x000000653f080000] [id=35788]
  0x000001d2f215f800 GCTaskThread "GC Thread#7" [stack: 0x000000653f080000,0x000000653f180000] [id=37056]
  0x000001d2f6fb5800 GCTaskThread "GC Thread#8" [stack: 0x000000653f580000,0x000000653f680000] [id=4260]
  0x000001d2f8240000 GCTaskThread "GC Thread#9" [stack: 0x000000653f680000,0x000000653f780000] [id=37480]
  0x000001d2c30c8000 ConcurrentGCThread "G1 Main Marker" [stack: 0x000000653ce00000,0x000000653cf00000] [id=21216]
  0x000001d2c30c9800 ConcurrentGCThread "G1 Conc#0" [stack: 0x000000653cf00000,0x000000653d000000] [id=25280]
  0x000001d2e85eb000 ConcurrentGCThread "G1 Conc#1" [stack: 0x000000653f180000,0x000000653f280000] [id=22508]
  0x000001d2e81f7800 ConcurrentGCThread "G1 Conc#2" [stack: 0x000000653f280000,0x000000653f380000] [id=35364]
  0x000001d2e70cc800 ConcurrentGCThread "G1 Refine#0" [stack: 0x000000653d000000,0x000000653d100000] [id=31764]
  0x000001d2e70cd800 ConcurrentGCThread "G1 Young RemSet Sampling" [stack: 0x000000653d100000,0x000000653d200000] [id=36928]

Threads with active compile tasks:
C2 CompilerThread0  21457 2858   !   4       sun.awt.image.PNGImageDecoder::produceImage (1916 bytes)

VM state:not at safepoint (normal execution)

VM Mutex/Monitor currently owned by a thread: None

Heap address: 0x0000000701000000, size: 4080 MB, Compressed Oops mode: Zero based, Oop shift amount: 3
Narrow klass base: 0x0000000800000000, Narrow klass shift: 0
Compressed class space size: 1073741824 Address: 0x0000000800000000

Heap:
 garbage-first heap   total 271360K, used 188394K [0x0000000701000000, 0x0000000800000000)
  region size 1024K, 11 young (11264K), 3 survivors (3072K)
 Metaspace       used 26589K, capacity 27100K, committed 27264K, reserved 1073152K
  class space    used 2625K, capacity 2835K, committed 2944K, reserved 1048576K
Heap Regions: E=young(eden), S=young(survivor), O=old, HS=humongous(starts), HC=humongous(continues), CS=collection set, F=free, A=archive, TAMS=top-at-mark-start (previous, next)
|   0|0x0000000701000000, 0x0000000701100000, 0x0000000701100000|100%|HS|  |TAMS 0x0000000701100000, 0x0000000701000000| Complete 
|   1|0x0000000701100000, 0x0000000701200000, 0x0000000701200000|100%|HC|  |TAMS 0x0000000701200000, 0x0000000701100000| Complete 
|   2|0x0000000701200000, 0x0000000701300000, 0x0000000701300000|100%|HC|  |TAMS 0x0000000701300000, 0x0000000701200000| Complete 
|   3|0x0000000701300000, 0x0000000701400000, 0x0000000701400000|100%| O|  |TAMS 0x0000000701400000, 0x0000000701300000| Untracked 
|   4|0x0000000701400000, 0x0000000701500000, 0x0000000701500000|100%| O|  |TAMS 0x0000000701500000, 0x0000000701400000| Untracked 
|   5|0x0000000701500000, 0x0000000701600000, 0x0000000701600000|100%| O|  |TAMS 0x0000000701600000, 0x0000000701500000| Untracked 
|   6|0x0000000701600000, 0x0000000701700000, 0x0000000701700000|100%| O|  |TAMS 0x0000000701700000, 0x0000000701600000| Untracked 
|   7|0x0000000701700000, 0x0000000701800000, 0x0000000701800000|100%| O|  |TAMS 0x0000000701800000, 0x0000000701700000| Untracked 
|   8|0x0000000701800000, 0x0000000701900000, 0x0000000701900000|100%|HS|  |TAMS 0x0000000701900000, 0x0000000701800000| Complete 
|   9|0x0000000701900000, 0x0000000701a00000, 0x0000000701a00000|100%|HC|  |TAMS 0x0000000701a00000, 0x0000000701900000| Complete 
|  10|0x0000000701a00000, 0x0000000701b00000, 0x0000000701b00000|100%|HS|  |TAMS 0x0000000701b00000, 0x0000000701a00000| Complete 
|  11|0x0000000701b00000, 0x0000000701c00000, 0x0000000701c00000|100%|HS|  |TAMS 0x0000000701c00000, 0x0000000701b00000| Complete 
|  12|0x0000000701c00000, 0x0000000701d00000, 0x0000000701d00000|100%|HS|  |TAMS 0x0000000701d00000, 0x0000000701c00000| Complete 
|  13|0x0000000701d00000, 0x0000000701e00000, 0x0000000701e00000|100%|HS|  |TAMS 0x0000000701e00000, 0x0000000701d00000| Complete 
|  14|0x0000000701e00000, 0x0000000701f00000, 0x0000000701f00000|100%|HS|  |TAMS 0x0000000701f00000, 0x0000000701e00000| Complete 
|  15|0x0000000701f00000, 0x0000000702000000, 0x0000000702000000|100%| O|  |TAMS 0x0000000702000000, 0x0000000701f00000| Untracked 
|  16|0x0000000702000000, 0x0000000702100000, 0x0000000702100000|100%| O|  |TAMS 0x0000000702100000, 0x0000000702000000| Untracked 
|  17|0x0000000702100000, 0x0000000702200000, 0x0000000702200000|100%| O|  |TAMS 0x0000000702200000, 0x0000000702100000| Untracked 
|  18|0x0000000702200000, 0x0000000702300000, 0x0000000702300000|100%| O|  |TAMS 0x0000000702300000, 0x0000000702200000| Untracked 
|  19|0x0000000702300000, 0x0000000702400000, 0x0000000702400000|100%| O|  |TAMS 0x0000000702400000, 0x0000000702300000| Untracked 
|  20|0x0000000702400000, 0x0000000702500000, 0x0000000702500000|100%|HS|  |TAMS 0x0000000702500000, 0x0000000702400000| Complete 
|  21|0x0000000702500000, 0x0000000702600000, 0x0000000702600000|100%|HS|  |TAMS 0x0000000702600000, 0x0000000702500000| Complete 
|  22|0x0000000702600000, 0x0000000702700000, 0x0000000702700000|100%|HS|  |TAMS 0x0000000702700000, 0x0000000702600000| Complete 
|  23|0x0000000702700000, 0x0000000702800000, 0x0000000702800000|100%|HC|  |TAMS 0x0000000702800000, 0x0000000702700000| Complete 
|  24|0x0000000702800000, 0x0000000702900000, 0x0000000702900000|100%|HS|  |TAMS 0x0000000702900000, 0x0000000702800000| Complete 
|  25|0x0000000702900000, 0x0000000702a00000, 0x0000000702a00000|100%|HC|  |TAMS 0x0000000702a00000, 0x0000000702900000| Complete 
|  26|0x0000000702a00000, 0x0000000702b00000, 0x0000000702b00000|100%|HS|  |TAMS 0x0000000702b00000, 0x0000000702a00000| Complete 
|  27|0x0000000702b00000, 0x0000000702c00000, 0x0000000702c00000|100%|HC|  |TAMS 0x0000000702c00000, 0x0000000702b00000| Complete 
|  28|0x0000000702c00000, 0x0000000702d00000, 0x0000000702d00000|100%|HS|  |TAMS 0x0000000702d00000, 0x0000000702c00000| Complete 
|  29|0x0000000702d00000, 0x0000000702e00000, 0x0000000702e00000|100%|HC|  |TAMS 0x0000000702e00000, 0x0000000702d00000| Complete 
|  30|0x0000000702e00000, 0x0000000702f00000, 0x0000000702f00000|100%| O|  |TAMS 0x0000000702f00000, 0x0000000702e00000| Untracked 
|  31|0x0000000702f00000, 0x0000000703000000, 0x0000000703000000|100%|HS|  |TAMS 0x0000000703000000, 0x0000000702f00000| Complete 
|  32|0x0000000703000000, 0x0000000703100000, 0x0000000703100000|100%| O|  |TAMS 0x0000000703100000, 0x0000000703000000| Untracked 
|  33|0x0000000703100000, 0x0000000703200000, 0x0000000703200000|100%|HS|  |TAMS 0x0000000703200000, 0x0000000703100000| Complete 
|  34|0x0000000703200000, 0x0000000703300000, 0x0000000703300000|100%| O|  |TAMS 0x0000000703300000, 0x0000000703200000| Untracked 
|  35|0x0000000703300000, 0x0000000703400000, 0x0000000703400000|100%|HS|  |TAMS 0x0000000703400000, 0x0000000703300000| Complete 
|  36|0x0000000703400000, 0x0000000703500000, 0x0000000703500000|100%| O|  |TAMS 0x0000000703500000, 0x0000000703400000| Untracked 
|  37|0x0000000703500000, 0x0000000703600000, 0x0000000703600000|100%|HS|  |TAMS 0x0000000703600000, 0x0000000703500000| Complete 
|  38|0x0000000703600000, 0x0000000703700000, 0x0000000703700000|100%| O|  |TAMS 0x0000000703700000, 0x0000000703600000| Untracked 
|  39|0x0000000703700000, 0x0000000703800000, 0x0000000703800000|100%| O|  |TAMS 0x0000000703800000, 0x0000000703700000| Untracked 
|  40|0x0000000703800000, 0x0000000703900000, 0x0000000703900000|100%| O|  |TAMS 0x0000000703900000, 0x0000000703800000| Untracked 
|  41|0x0000000703900000, 0x0000000703a00000, 0x0000000703a00000|100%|HS|  |TAMS 0x0000000703a00000, 0x0000000703900000| Complete 
|  42|0x0000000703a00000, 0x0000000703b00000, 0x0000000703b00000|100%|HC|  |TAMS 0x0000000703b00000, 0x0000000703a00000| Complete 
|  43|0x0000000703b00000, 0x0000000703c00000, 0x0000000703c00000|100%| O|  |TAMS 0x0000000703c00000, 0x0000000703b00000| Untracked 
|  44|0x0000000703c00000, 0x0000000703d00000, 0x0000000703d00000|100%| O|  |TAMS 0x0000000703d00000, 0x0000000703c00000| Untracked 
|  45|0x0000000703d00000, 0x0000000703e00000, 0x0000000703e00000|100%|HS|  |TAMS 0x0000000703e00000, 0x0000000703d00000| Complete 
|  46|0x0000000703e00000, 0x0000000703f00000, 0x0000000703f00000|100%|HC|  |TAMS 0x0000000703f00000, 0x0000000703e00000| Complete 
|  47|0x0000000703f00000, 0x0000000704000000, 0x0000000704000000|100%| O|  |TAMS 0x0000000704000000, 0x0000000703f00000| Untracked 
|  48|0x0000000704000000, 0x0000000704100000, 0x0000000704100000|100%|HS|  |TAMS 0x0000000704100000, 0x0000000704000000| Complete 
|  49|0x0000000704100000, 0x0000000704200000, 0x0000000704200000|100%|HS|  |TAMS 0x0000000704200000, 0x0000000704100000| Complete 
|  50|0x0000000704200000, 0x0000000704300000, 0x0000000704300000|100%|HC|  |TAMS 0x0000000704300000, 0x0000000704200000| Complete 
|  51|0x0000000704300000, 0x0000000704400000, 0x0000000704400000|100%| O|  |TAMS 0x0000000704400000, 0x0000000704300000| Untracked 
|  52|0x0000000704400000, 0x0000000704500000, 0x0000000704500000|100%|HS|  |TAMS 0x0000000704500000, 0x0000000704400000| Complete 
|  53|0x0000000704500000, 0x0000000704600000, 0x0000000704600000|100%| O|  |TAMS 0x0000000704600000, 0x0000000704500000| Untracked 
|  54|0x0000000704600000, 0x0000000704700000, 0x0000000704700000|100%|HS|  |TAMS 0x0000000704700000, 0x0000000704600000| Complete 
|  55|0x0000000704700000, 0x0000000704800000, 0x0000000704800000|100%| O|  |TAMS 0x0000000704800000, 0x0000000704700000| Untracked 
|  56|0x0000000704800000, 0x0000000704900000, 0x0000000704900000|100%|HS|  |TAMS 0x0000000704900000, 0x0000000704800000| Complete 
|  57|0x0000000704900000, 0x0000000704a00000, 0x0000000704a00000|100%|HS|  |TAMS 0x0000000704a00000, 0x0000000704900000| Complete 
|  58|0x0000000704a00000, 0x0000000704b00000, 0x0000000704b00000|100%|HS|  |TAMS 0x0000000704b00000, 0x0000000704a00000| Complete 
|  59|0x0000000704b00000, 0x0000000704c00000, 0x0000000704c00000|100%|HS|  |TAMS 0x0000000704c00000, 0x0000000704b00000| Complete 
|  60|0x0000000704c00000, 0x0000000704d00000, 0x0000000704d00000|100%|HS|  |TAMS 0x0000000704d00000, 0x0000000704c00000| Complete 
|  61|0x0000000704d00000, 0x0000000704e00000, 0x0000000704e00000|100%| O|  |TAMS 0x0000000704e00000, 0x0000000704d00000| Untracked 
|  62|0x0000000704e00000, 0x0000000704f00000, 0x0000000704f00000|100%| O|  |TAMS 0x0000000704f00000, 0x0000000704e00000| Untracked 
|  63|0x0000000704f00000, 0x0000000705000000, 0x0000000705000000|100%| O|  |TAMS 0x0000000705000000, 0x0000000704f00000| Untracked 
|  64|0x0000000705000000, 0x0000000705100000, 0x0000000705100000|100%| O|  |TAMS 0x0000000705100000, 0x0000000705000000| Untracked 
|  65|0x0000000705100000, 0x0000000705200000, 0x0000000705200000|100%| O|  |TAMS 0x0000000705200000, 0x0000000705100000| Untracked 
|  66|0x0000000705200000, 0x0000000705300000, 0x0000000705300000|100%| O|  |TAMS 0x0000000705300000, 0x0000000705200000| Untracked 
|  67|0x0000000705300000, 0x0000000705400000, 0x0000000705400000|100%|HS|  |TAMS 0x0000000705400000, 0x0000000705300000| Complete 
|  68|0x0000000705400000, 0x0000000705500000, 0x0000000705500000|100%|HC|  |TAMS 0x0000000705500000, 0x0000000705400000| Complete 
|  69|0x0000000705500000, 0x0000000705600000, 0x0000000705600000|100%|HS|  |TAMS 0x0000000705600000, 0x0000000705500000| Complete 
|  70|0x0000000705600000, 0x0000000705700000, 0x0000000705700000|100%|HC|  |TAMS 0x0000000705700000, 0x0000000705600000| Complete 
|  71|0x0000000705700000, 0x0000000705800000, 0x0000000705800000|100%|HS|  |TAMS 0x0000000705800000, 0x0000000705700000| Complete 
|  72|0x0000000705800000, 0x0000000705900000, 0x0000000705900000|100%|HC|  |TAMS 0x0000000705900000, 0x0000000705800000| Complete 
|  73|0x0000000705900000, 0x0000000705a00000, 0x0000000705a00000|100%|HS|  |TAMS 0x0000000705a00000, 0x0000000705900000| Complete 
|  74|0x0000000705a00000, 0x0000000705b00000, 0x0000000705b00000|100%|HC|  |TAMS 0x0000000705b00000, 0x0000000705a00000| Complete 
|  75|0x0000000705b00000, 0x0000000705c00000, 0x0000000705c00000|100%|HS|  |TAMS 0x0000000705c00000, 0x0000000705b00000| Complete 
|  76|0x0000000705c00000, 0x0000000705d00000, 0x0000000705d00000|100%|HC|  |TAMS 0x0000000705d00000, 0x0000000705c00000| Complete 
|  77|0x0000000705d00000, 0x0000000705e00000, 0x0000000705e00000|100%|HS|  |TAMS 0x0000000705e00000, 0x0000000705d00000| Complete 
|  78|0x0000000705e00000, 0x0000000705f00000, 0x0000000705f00000|100%|HC|  |TAMS 0x0000000705f00000, 0x0000000705e00000| Complete 
|  79|0x0000000705f00000, 0x0000000706000000, 0x0000000706000000|100%|HS|  |TAMS 0x0000000706000000, 0x0000000705f00000| Complete 
|  80|0x0000000706000000, 0x0000000706100000, 0x0000000706100000|100%|HC|  |TAMS 0x0000000706100000, 0x0000000706000000| Complete 
|  81|0x0000000706100000, 0x0000000706200000, 0x0000000706200000|100%|HS|  |TAMS 0x0000000706200000, 0x0000000706100000| Complete 
|  82|0x0000000706200000, 0x0000000706300000, 0x0000000706300000|100%|HC|  |TAMS 0x0000000706300000, 0x0000000706200000| Complete 
|  83|0x0000000706300000, 0x0000000706400000, 0x0000000706400000|100%| O|  |TAMS 0x0000000706400000, 0x0000000706300000| Untracked 
|  84|0x0000000706400000, 0x0000000706500000, 0x0000000706500000|100%| O|  |TAMS 0x0000000706500000, 0x0000000706400000| Untracked 
|  85|0x0000000706500000, 0x0000000706600000, 0x0000000706600000|100%|HS|  |TAMS 0x0000000706600000, 0x0000000706500000| Complete 
|  86|0x0000000706600000, 0x0000000706700000, 0x0000000706700000|100%|HC|  |TAMS 0x0000000706700000, 0x0000000706600000| Complete 
|  87|0x0000000706700000, 0x0000000706800000, 0x0000000706800000|100%|HS|  |TAMS 0x0000000706800000, 0x0000000706700000| Complete 
|  88|0x0000000706800000, 0x0000000706900000, 0x0000000706900000|100%|HC|  |TAMS 0x0000000706900000, 0x0000000706800000| Complete 
|  89|0x0000000706900000, 0x0000000706a00000, 0x0000000706a00000|100%|HS|  |TAMS 0x0000000706a00000, 0x0000000706900000| Complete 
|  90|0x0000000706a00000, 0x0000000706b00000, 0x0000000706b00000|100%| O|  |TAMS 0x0000000706b00000, 0x0000000706a00000| Untracked 
|  91|0x0000000706b00000, 0x0000000706c00000, 0x0000000706c00000|100%| O|  |TAMS 0x0000000706c00000, 0x0000000706b00000| Untracked 
|  92|0x0000000706c00000, 0x0000000706d00000, 0x0000000706d00000|100%| O|  |TAMS 0x0000000706d00000, 0x0000000706c00000| Untracked 
|  93|0x0000000706d00000, 0x0000000706e00000, 0x0000000706e00000|100%| O|  |TAMS 0x0000000706e00000, 0x0000000706d00000| Untracked 
|  94|0x0000000706e00000, 0x0000000706f00000, 0x0000000706f00000|100%| O|  |TAMS 0x0000000706f00000, 0x0000000706e00000| Untracked 
|  95|0x0000000706f00000, 0x0000000707000000, 0x0000000707000000|100%| O|  |TAMS 0x0000000707000000, 0x0000000706f00000| Untracked 
|  96|0x0000000707000000, 0x0000000707100000, 0x0000000707100000|100%| O|  |TAMS 0x0000000707100000, 0x0000000707000000| Untracked 
|  97|0x0000000707100000, 0x0000000707200000, 0x0000000707200000|100%| O|  |TAMS 0x0000000707200000, 0x0000000707100000| Untracked 
|  98|0x0000000707200000, 0x0000000707300000, 0x0000000707300000|100%| O|  |TAMS 0x0000000707300000, 0x0000000707200000| Untracked 
|  99|0x0000000707300000, 0x0000000707400000, 0x0000000707400000|100%| O|  |TAMS 0x0000000707400000, 0x0000000707300000| Untracked 
| 100|0x0000000707400000, 0x0000000707500000, 0x0000000707500000|100%| O|  |TAMS 0x0000000707500000, 0x0000000707400000| Untracked 
| 101|0x0000000707500000, 0x0000000707600000, 0x0000000707600000|100%| O|  |TAMS 0x0000000707600000, 0x0000000707500000| Untracked 
| 102|0x0000000707600000, 0x0000000707700000, 0x0000000707700000|100%| O|  |TAMS 0x0000000707700000, 0x0000000707600000| Untracked 
| 103|0x0000000707700000, 0x0000000707800000, 0x0000000707800000|100%| O|  |TAMS 0x0000000707800000, 0x0000000707700000| Untracked 
| 104|0x0000000707800000, 0x0000000707900000, 0x0000000707900000|100%| O|  |TAMS 0x0000000707900000, 0x0000000707800000| Untracked 
| 105|0x0000000707900000, 0x0000000707a00000, 0x0000000707a00000|100%| O|  |TAMS 0x0000000707a00000, 0x0000000707900000| Untracked 
| 106|0x0000000707a00000, 0x0000000707b00000, 0x0000000707b00000|100%| O|  |TAMS 0x0000000707b00000, 0x0000000707a00000| Untracked 
| 107|0x0000000707b00000, 0x0000000707c00000, 0x0000000707c00000|100%| O|  |TAMS 0x0000000707c00000, 0x0000000707b00000| Untracked 
| 108|0x0000000707c00000, 0x0000000707d00000, 0x0000000707d00000|100%| O|  |TAMS 0x0000000707d00000, 0x0000000707c00000| Untracked 
| 109|0x0000000707d00000, 0x0000000707e00000, 0x0000000707e00000|100%| O|  |TAMS 0x0000000707e00000, 0x0000000707d00000| Untracked 
| 110|0x0000000707e00000, 0x0000000707f00000, 0x0000000707f00000|100%| O|  |TAMS 0x0000000707f00000, 0x0000000707e00000| Untracked 
| 111|0x0000000707f00000, 0x0000000708000000, 0x0000000708000000|100%| O|  |TAMS 0x0000000708000000, 0x0000000707f00000| Untracked 
| 112|0x0000000708000000, 0x0000000708100000, 0x0000000708100000|100%| O|  |TAMS 0x0000000708100000, 0x0000000708000000| Untracked 
| 113|0x0000000708100000, 0x0000000708200000, 0x0000000708200000|100%| O|  |TAMS 0x0000000708200000, 0x0000000708100000| Untracked 
| 114|0x0000000708200000, 0x0000000708300000, 0x0000000708300000|100%| O|  |TAMS 0x0000000708300000, 0x0000000708200000| Untracked 
| 115|0x0000000708300000, 0x0000000708400000, 0x0000000708400000|100%| O|  |TAMS 0x0000000708400000, 0x0000000708300000| Untracked 
| 116|0x0000000708400000, 0x0000000708500000, 0x0000000708500000|100%| O|  |TAMS 0x0000000708500000, 0x0000000708400000| Untracked 
| 117|0x0000000708500000, 0x0000000708600000, 0x0000000708600000|100%| O|  |TAMS 0x0000000708600000, 0x0000000708500000| Untracked 
| 118|0x0000000708600000, 0x0000000708700000, 0x0000000708700000|100%| O|  |TAMS 0x0000000708700000, 0x0000000708600000| Untracked 
| 119|0x0000000708700000, 0x0000000708800000, 0x0000000708800000|100%| O|  |TAMS 0x0000000708800000, 0x0000000708700000| Untracked 
| 120|0x0000000708800000, 0x0000000708900000, 0x0000000708900000|100%| O|  |TAMS 0x0000000708900000, 0x0000000708800000| Untracked 
| 121|0x0000000708900000, 0x0000000708a00000, 0x0000000708a00000|100%| O|  |TAMS 0x0000000708a00000, 0x0000000708900000| Untracked 
| 122|0x0000000708a00000, 0x0000000708b00000, 0x0000000708b00000|100%| O|  |TAMS 0x0000000708b00000, 0x0000000708a00000| Untracked 
| 123|0x0000000708b00000, 0x0000000708c00000, 0x0000000708c00000|100%| O|  |TAMS 0x0000000708c00000, 0x0000000708b00000| Untracked 
| 124|0x0000000708c00000, 0x0000000708d00000, 0x0000000708d00000|100%| O|  |TAMS 0x0000000708d00000, 0x0000000708c00000| Untracked 
| 125|0x0000000708d00000, 0x0000000708e00000, 0x0000000708e00000|100%| O|  |TAMS 0x0000000708e00000, 0x0000000708d00000| Untracked 
| 126|0x0000000708e00000, 0x0000000708f00000, 0x0000000708f00000|100%| O|  |TAMS 0x0000000708f00000, 0x0000000708e00000| Untracked 
| 127|0x0000000708f00000, 0x0000000709000000, 0x0000000709000000|100%| O|  |TAMS 0x0000000709000000, 0x0000000708f00000| Untracked 
| 128|0x0000000709000000, 0x0000000709100000, 0x0000000709100000|100%| O|  |TAMS 0x0000000709100000, 0x0000000709000000| Untracked 
| 129|0x0000000709100000, 0x0000000709200000, 0x0000000709200000|100%| O|  |TAMS 0x0000000709200000, 0x0000000709100000| Untracked 
| 130|0x0000000709200000, 0x0000000709300000, 0x0000000709300000|100%|HS|  |TAMS 0x0000000709300000, 0x0000000709200000| Complete 
| 131|0x0000000709300000, 0x0000000709400000, 0x0000000709400000|100%| O|  |TAMS 0x0000000709400000, 0x0000000709300000| Untracked 
| 132|0x0000000709400000, 0x0000000709500000, 0x0000000709500000|100%| O|  |TAMS 0x0000000709500000, 0x0000000709400000| Untracked 
| 133|0x0000000709500000, 0x0000000709600000, 0x0000000709600000|100%| O|  |TAMS 0x0000000709600000, 0x0000000709500000| Untracked 
| 134|0x0000000709600000, 0x0000000709700000, 0x0000000709700000|100%| O|  |TAMS 0x0000000709700000, 0x0000000709600000| Untracked 
| 135|0x0000000709700000, 0x0000000709800000, 0x0000000709800000|100%| O|  |TAMS 0x0000000709800000, 0x0000000709700000| Untracked 
| 136|0x0000000709800000, 0x0000000709900000, 0x0000000709900000|100%| O|  |TAMS 0x0000000709900000, 0x0000000709800000| Untracked 
| 137|0x0000000709900000, 0x0000000709a00000, 0x0000000709a00000|100%| O|  |TAMS 0x0000000709a00000, 0x0000000709900000| Untracked 
| 138|0x0000000709a00000, 0x0000000709b00000, 0x0000000709b00000|100%| O|  |TAMS 0x0000000709b00000, 0x0000000709a00000| Untracked 
| 139|0x0000000709b00000, 0x0000000709c00000, 0x0000000709c00000|100%| O|  |TAMS 0x0000000709c00000, 0x0000000709b00000| Untracked 
| 140|0x0000000709c00000, 0x0000000709d00000, 0x0000000709d00000|100%|HS|  |TAMS 0x0000000709d00000, 0x0000000709c00000| Complete 
| 141|0x0000000709d00000, 0x0000000709e00000, 0x0000000709e00000|100%| O|  |TAMS 0x0000000709e00000, 0x0000000709d00000| Untracked 
| 142|0x0000000709e00000, 0x0000000709f00000, 0x0000000709f00000|100%| O|  |TAMS 0x0000000709f00000, 0x0000000709e00000| Untracked 
| 143|0x0000000709f00000, 0x000000070a000000, 0x000000070a000000|100%| O|  |TAMS 0x000000070a000000, 0x0000000709f00000| Untracked 
| 144|0x000000070a000000, 0x000000070a100000, 0x000000070a100000|100%| O|  |TAMS 0x000000070a100000, 0x000000070a000000| Untracked 
| 145|0x000000070a100000, 0x000000070a200000, 0x000000070a200000|100%| O|  |TAMS 0x000000070a200000, 0x000000070a100000| Untracked 
| 146|0x000000070a200000, 0x000000070a300000, 0x000000070a300000|100%| O|  |TAMS 0x000000070a300000, 0x000000070a200000| Untracked 
| 147|0x000000070a300000, 0x000000070a400000, 0x000000070a400000|100%| O|  |TAMS 0x000000070a400000, 0x000000070a300000| Untracked 
| 148|0x000000070a400000, 0x000000070a500000, 0x000000070a500000|100%| O|  |TAMS 0x000000070a500000, 0x000000070a400000| Untracked 
| 149|0x000000070a500000, 0x000000070a600000, 0x000000070a600000|100%| O|  |TAMS 0x000000070a600000, 0x000000070a500000| Untracked 
| 150|0x000000070a600000, 0x000000070a700000, 0x000000070a700000|100%| O|  |TAMS 0x000000070a700000, 0x000000070a600000| Untracked 
| 151|0x000000070a700000, 0x000000070a800000, 0x000000070a800000|100%| O|  |TAMS 0x000000070a800000, 0x000000070a700000| Untracked 
| 152|0x000000070a800000, 0x000000070a900000, 0x000000070a900000|100%| O|  |TAMS 0x000000070a900000, 0x000000070a800000| Untracked 
| 153|0x000000070a900000, 0x000000070aa00000, 0x000000070aa00000|100%| O|  |TAMS 0x000000070aa00000, 0x000000070a900000| Untracked 
| 154|0x000000070aa00000, 0x000000070ab00000, 0x000000070ab00000|100%| O|  |TAMS 0x000000070ab00000, 0x000000070aa00000| Untracked 
| 155|0x000000070ab00000, 0x000000070ac00000, 0x000000070ac00000|100%|HS|  |TAMS 0x000000070ac00000, 0x000000070ab00000| Complete 
| 156|0x000000070ac00000, 0x000000070ad00000, 0x000000070ad00000|100%|HS|  |TAMS 0x000000070ad00000, 0x000000070ac00000| Complete 
| 157|0x000000070ad00000, 0x000000070ae00000, 0x000000070ae00000|100%|HS|  |TAMS 0x000000070ae00000, 0x000000070ad00000| Complete 
| 158|0x000000070ae00000, 0x000000070af00000, 0x000000070af00000|100%|HS|  |TAMS 0x000000070af00000, 0x000000070ae00000| Complete 
| 159|0x000000070af00000, 0x000000070b000000, 0x000000070b000000|100%|HS|  |TAMS 0x000000070b000000, 0x000000070af00000| Complete 
| 160|0x000000070b000000, 0x000000070b100000, 0x000000070b100000|100%|HS|  |TAMS 0x000000070b100000, 0x000000070b000000| Complete 
| 161|0x000000070b100000, 0x000000070b200000, 0x000000070b200000|100%|HS|  |TAMS 0x000000070b200000, 0x000000070b100000| Complete 
| 162|0x000000070b200000, 0x000000070b2dce00, 0x000000070b300000| 86%| O|  |TAMS 0x000000070b2dce00, 0x000000070b200000| Untracked 
| 163|0x000000070b300000, 0x000000070b400000, 0x000000070b400000|100%|HS|  |TAMS 0x000000070b400000, 0x000000070b300000| Complete 
| 164|0x000000070b400000, 0x000000070b500000, 0x000000070b500000|100%|HS|  |TAMS 0x000000070b500000, 0x000000070b400000| Complete 
| 165|0x000000070b500000, 0x000000070b600000, 0x000000070b600000|100%|HS|  |TAMS 0x000000070b500000, 0x000000070b500000| Complete 
| 166|0x000000070b600000, 0x000000070b700000, 0x000000070b700000|100%|HS|  |TAMS 0x000000070b600000, 0x000000070b600000| Complete 
| 167|0x000000070b700000, 0x000000070b700000, 0x000000070b800000|  0%| F|  |TAMS 0x000000070b700000, 0x000000070b700000| Untracked 
| 168|0x000000070b800000, 0x000000070b800000, 0x000000070b900000|  0%| F|  |TAMS 0x000000070b800000, 0x000000070b800000| Untracked 
| 169|0x000000070b900000, 0x000000070b900000, 0x000000070ba00000|  0%| F|  |TAMS 0x000000070b900000, 0x000000070b900000| Untracked 
| 170|0x000000070ba00000, 0x000000070ba00000, 0x000000070bb00000|  0%| F|  |TAMS 0x000000070ba00000, 0x000000070ba00000| Untracked 
| 171|0x000000070bb00000, 0x000000070bb00000, 0x000000070bc00000|  0%| F|  |TAMS 0x000000070bb00000, 0x000000070bb00000| Untracked 
| 172|0x000000070bc00000, 0x000000070bc00000, 0x000000070bd00000|  0%| F|  |TAMS 0x000000070bc00000, 0x000000070bc00000| Untracked 
| 173|0x000000070bd00000, 0x000000070bd00000, 0x000000070be00000|  0%| F|  |TAMS 0x000000070bd00000, 0x000000070bd00000| Untracked 
| 174|0x000000070be00000, 0x000000070be00000, 0x000000070bf00000|  0%| F|  |TAMS 0x000000070be00000, 0x000000070be00000| Untracked 
| 175|0x000000070bf00000, 0x000000070bf00000, 0x000000070c000000|  0%| F|  |TAMS 0x000000070bf00000, 0x000000070bf00000| Untracked 
| 176|0x000000070c000000, 0x000000070c000000, 0x000000070c100000|  0%| F|  |TAMS 0x000000070c000000, 0x000000070c000000| Untracked 
| 177|0x000000070c100000, 0x000000070c100000, 0x000000070c200000|  0%| F|  |TAMS 0x000000070c100000, 0x000000070c100000| Untracked 
| 178|0x000000070c200000, 0x000000070c200000, 0x000000070c300000|  0%| F|  |TAMS 0x000000070c200000, 0x000000070c200000| Untracked 
| 179|0x000000070c300000, 0x000000070c300000, 0x000000070c400000|  0%| F|  |TAMS 0x000000070c300000, 0x000000070c300000| Untracked 
| 180|0x000000070c400000, 0x000000070c400000, 0x000000070c500000|  0%| F|  |TAMS 0x000000070c400000, 0x000000070c400000| Untracked 
| 181|0x000000070c500000, 0x000000070c500000, 0x000000070c600000|  0%| F|  |TAMS 0x000000070c500000, 0x000000070c500000| Untracked 
| 182|0x000000070c600000, 0x000000070c600000, 0x000000070c700000|  0%| F|  |TAMS 0x000000070c600000, 0x000000070c600000| Untracked 
| 183|0x000000070c700000, 0x000000070c700000, 0x000000070c800000|  0%| F|  |TAMS 0x000000070c700000, 0x000000070c700000| Untracked 
| 184|0x000000070c800000, 0x000000070c800000, 0x000000070c900000|  0%| F|  |TAMS 0x000000070c800000, 0x000000070c800000| Untracked 
| 185|0x000000070c900000, 0x000000070c900000, 0x000000070ca00000|  0%| F|  |TAMS 0x000000070c900000, 0x000000070c900000| Untracked 
| 186|0x000000070ca00000, 0x000000070ca00000, 0x000000070cb00000|  0%| F|  |TAMS 0x000000070ca00000, 0x000000070ca00000| Untracked 
| 187|0x000000070cb00000, 0x000000070cb00000, 0x000000070cc00000|  0%| F|  |TAMS 0x000000070cb00000, 0x000000070cb00000| Untracked 
| 188|0x000000070cc00000, 0x000000070cc00000, 0x000000070cd00000|  0%| F|  |TAMS 0x000000070cc00000, 0x000000070cc00000| Untracked 
| 189|0x000000070cd00000, 0x000000070cd00000, 0x000000070ce00000|  0%| F|  |TAMS 0x000000070cd00000, 0x000000070cd00000| Untracked 
| 190|0x000000070ce00000, 0x000000070ce00000, 0x000000070cf00000|  0%| F|  |TAMS 0x000000070ce00000, 0x000000070ce00000| Untracked 
| 191|0x000000070cf00000, 0x000000070cf00000, 0x000000070d000000|  0%| F|  |TAMS 0x000000070cf00000, 0x000000070cf00000| Untracked 
| 192|0x000000070d000000, 0x000000070d000000, 0x000000070d100000|  0%| F|  |TAMS 0x000000070d000000, 0x000000070d000000| Untracked 
| 193|0x000000070d100000, 0x000000070d100000, 0x000000070d200000|  0%| F|  |TAMS 0x000000070d100000, 0x000000070d100000| Untracked 
| 194|0x000000070d200000, 0x000000070d200000, 0x000000070d300000|  0%| F|  |TAMS 0x000000070d200000, 0x000000070d200000| Untracked 
| 195|0x000000070d300000, 0x000000070d300000, 0x000000070d400000|  0%| F|  |TAMS 0x000000070d300000, 0x000000070d300000| Untracked 
| 196|0x000000070d400000, 0x000000070d400000, 0x000000070d500000|  0%| F|  |TAMS 0x000000070d400000, 0x000000070d400000| Untracked 
| 197|0x000000070d500000, 0x000000070d500000, 0x000000070d600000|  0%| F|  |TAMS 0x000000070d500000, 0x000000070d500000| Untracked 
| 198|0x000000070d600000, 0x000000070d600000, 0x000000070d700000|  0%| F|  |TAMS 0x000000070d600000, 0x000000070d600000| Untracked 
| 199|0x000000070d700000, 0x000000070d700000, 0x000000070d800000|  0%| F|  |TAMS 0x000000070d700000, 0x000000070d700000| Untracked 
| 200|0x000000070d800000, 0x000000070d800000, 0x000000070d900000|  0%| F|  |TAMS 0x000000070d800000, 0x000000070d800000| Untracked 
| 201|0x000000070d900000, 0x000000070d900000, 0x000000070da00000|  0%| F|  |TAMS 0x000000070d900000, 0x000000070d900000| Untracked 
| 202|0x000000070da00000, 0x000000070da00000, 0x000000070db00000|  0%| F|  |TAMS 0x000000070da00000, 0x000000070da00000| Untracked 
| 203|0x000000070db00000, 0x000000070db00000, 0x000000070dc00000|  0%| F|  |TAMS 0x000000070db00000, 0x000000070db00000| Untracked 
| 204|0x000000070dc00000, 0x000000070dc00000, 0x000000070dd00000|  0%| F|  |TAMS 0x000000070dc00000, 0x000000070dc00000| Untracked 
| 205|0x000000070dd00000, 0x000000070dd00000, 0x000000070de00000|  0%| F|  |TAMS 0x000000070dd00000, 0x000000070dd00000| Untracked 
| 206|0x000000070de00000, 0x000000070de00000, 0x000000070df00000|  0%| F|  |TAMS 0x000000070de00000, 0x000000070de00000| Untracked 
| 207|0x000000070df00000, 0x000000070df00000, 0x000000070e000000|  0%| F|  |TAMS 0x000000070df00000, 0x000000070df00000| Untracked 
| 208|0x000000070e000000, 0x000000070e000000, 0x000000070e100000|  0%| F|  |TAMS 0x000000070e000000, 0x000000070e000000| Untracked 
| 209|0x000000070e100000, 0x000000070e100000, 0x000000070e200000|  0%| F|  |TAMS 0x000000070e100000, 0x000000070e100000| Untracked 
| 210|0x000000070e200000, 0x000000070e200000, 0x000000070e300000|  0%| F|  |TAMS 0x000000070e200000, 0x000000070e200000| Untracked 
| 211|0x000000070e300000, 0x000000070e300000, 0x000000070e400000|  0%| F|  |TAMS 0x000000070e300000, 0x000000070e300000| Untracked 
| 212|0x000000070e400000, 0x000000070e400000, 0x000000070e500000|  0%| F|  |TAMS 0x000000070e400000, 0x000000070e400000| Untracked 
| 213|0x000000070e500000, 0x000000070e500000, 0x000000070e600000|  0%| F|  |TAMS 0x000000070e500000, 0x000000070e500000| Untracked 
| 214|0x000000070e600000, 0x000000070e600000, 0x000000070e700000|  0%| F|  |TAMS 0x000000070e600000, 0x000000070e600000| Untracked 
| 215|0x000000070e700000, 0x000000070e700000, 0x000000070e800000|  0%| F|  |TAMS 0x000000070e700000, 0x000000070e700000| Untracked 
| 216|0x000000070e800000, 0x000000070e800000, 0x000000070e900000|  0%| F|  |TAMS 0x000000070e800000, 0x000000070e800000| Untracked 
| 217|0x000000070e900000, 0x000000070e900000, 0x000000070ea00000|  0%| F|  |TAMS 0x000000070e900000, 0x000000070e900000| Untracked 
| 218|0x000000070ea00000, 0x000000070ea00000, 0x000000070eb00000|  0%| F|  |TAMS 0x000000070ea00000, 0x000000070ea00000| Untracked 
| 219|0x000000070eb00000, 0x000000070eb00000, 0x000000070ec00000|  0%| F|  |TAMS 0x000000070eb00000, 0x000000070eb00000| Untracked 
| 220|0x000000070ec00000, 0x000000070ec00000, 0x000000070ed00000|  0%| F|  |TAMS 0x000000070ec00000, 0x000000070ec00000| Untracked 
| 221|0x000000070ed00000, 0x000000070ed00000, 0x000000070ee00000|  0%| F|  |TAMS 0x000000070ed00000, 0x000000070ed00000| Untracked 
| 222|0x000000070ee00000, 0x000000070ee00000, 0x000000070ef00000|  0%| F|  |TAMS 0x000000070ee00000, 0x000000070ee00000| Untracked 
| 223|0x000000070ef00000, 0x000000070ef00000, 0x000000070f000000|  0%| F|  |TAMS 0x000000070ef00000, 0x000000070ef00000| Untracked 
| 224|0x000000070f000000, 0x000000070f000000, 0x000000070f100000|  0%| F|  |TAMS 0x000000070f000000, 0x000000070f000000| Untracked 
| 225|0x000000070f100000, 0x000000070f100000, 0x000000070f200000|  0%| F|  |TAMS 0x000000070f100000, 0x000000070f100000| Untracked 
| 226|0x000000070f200000, 0x000000070f200000, 0x000000070f300000|  0%| F|  |TAMS 0x000000070f200000, 0x000000070f200000| Untracked 
| 227|0x000000070f300000, 0x000000070f300000, 0x000000070f400000|  0%| F|  |TAMS 0x000000070f300000, 0x000000070f300000| Untracked 
| 228|0x000000070f400000, 0x000000070f400000, 0x000000070f500000|  0%| F|  |TAMS 0x000000070f400000, 0x000000070f400000| Untracked 
| 229|0x000000070f500000, 0x000000070f500000, 0x000000070f600000|  0%| F|  |TAMS 0x000000070f500000, 0x000000070f500000| Untracked 
| 230|0x000000070f600000, 0x000000070f600000, 0x000000070f700000|  0%| F|  |TAMS 0x000000070f600000, 0x000000070f600000| Untracked 
| 231|0x000000070f700000, 0x000000070f700000, 0x000000070f800000|  0%| F|  |TAMS 0x000000070f700000, 0x000000070f700000| Untracked 
| 232|0x000000070f800000, 0x000000070f800000, 0x000000070f900000|  0%| F|  |TAMS 0x000000070f800000, 0x000000070f800000| Untracked 
| 233|0x000000070f900000, 0x000000070f900000, 0x000000070fa00000|  0%| F|  |TAMS 0x000000070f900000, 0x000000070f900000| Untracked 
| 234|0x000000070fa00000, 0x000000070fa00000, 0x000000070fb00000|  0%| F|  |TAMS 0x000000070fa00000, 0x000000070fa00000| Untracked 
| 235|0x000000070fb00000, 0x000000070fb00000, 0x000000070fc00000|  0%| F|  |TAMS 0x000000070fb00000, 0x000000070fb00000| Untracked 
| 236|0x000000070fc00000, 0x000000070fc00000, 0x000000070fd00000|  0%| F|  |TAMS 0x000000070fc00000, 0x000000070fc00000| Untracked 
| 237|0x000000070fd00000, 0x000000070fd00000, 0x000000070fe00000|  0%| F|  |TAMS 0x000000070fd00000, 0x000000070fd00000| Untracked 
| 238|0x000000070fe00000, 0x000000070fe00000, 0x000000070ff00000|  0%| F|  |TAMS 0x000000070fe00000, 0x000000070fe00000| Untracked 
| 239|0x000000070ff00000, 0x000000070ff00000, 0x0000000710000000|  0%| F|  |TAMS 0x000000070ff00000, 0x000000070ff00000| Untracked 
| 240|0x0000000710000000, 0x0000000710100000, 0x0000000710100000|100%| S|CS|TAMS 0x0000000710000000, 0x0000000710000000| Complete 
| 241|0x0000000710100000, 0x0000000710200000, 0x0000000710200000|100%| S|CS|TAMS 0x0000000710100000, 0x0000000710100000| Complete 
| 242|0x0000000710200000, 0x0000000710300000, 0x0000000710300000|100%| S|CS|TAMS 0x0000000710200000, 0x0000000710200000| Complete 
| 243|0x0000000710300000, 0x0000000710400000, 0x0000000710400000|100%| S|CS|TAMS 0x0000000710300000, 0x0000000710300000| Complete 
| 244|0x0000000710400000, 0x0000000710500000, 0x0000000710500000|100%| S|CS|TAMS 0x0000000710400000, 0x0000000710400000| Complete 
| 245|0x0000000710500000, 0x0000000710500000, 0x0000000710600000|  0%| F|  |TAMS 0x0000000710500000, 0x0000000710500000| Untracked 
| 246|0x0000000710600000, 0x0000000710600000, 0x0000000710700000|  0%| F|  |TAMS 0x0000000710600000, 0x0000000710600000| Untracked 
| 247|0x0000000710700000, 0x0000000710700000, 0x0000000710800000|  0%| F|  |TAMS 0x0000000710700000, 0x0000000710700000| Untracked 
| 248|0x0000000710800000, 0x0000000710800000, 0x0000000710900000|  0%| F|  |TAMS 0x0000000710800000, 0x0000000710800000| Untracked 
| 249|0x0000000710900000, 0x0000000710900000, 0x0000000710a00000|  0%| F|  |TAMS 0x0000000710900000, 0x0000000710900000| Untracked 
| 250|0x0000000710a00000, 0x0000000710a00000, 0x0000000710b00000|  0%| F|  |TAMS 0x0000000710a00000, 0x0000000710a00000| Untracked 
| 251|0x0000000710b00000, 0x0000000710b00000, 0x0000000710c00000|  0%| F|  |TAMS 0x0000000710b00000, 0x0000000710b00000| Untracked 
| 252|0x0000000710c00000, 0x0000000710c00000, 0x0000000710d00000|  0%| F|  |TAMS 0x0000000710c00000, 0x0000000710c00000| Untracked 
| 253|0x0000000710d00000, 0x0000000710d00000, 0x0000000710e00000|  0%| F|  |TAMS 0x0000000710d00000, 0x0000000710d00000| Untracked 
| 254|0x0000000710e00000, 0x0000000710e32b88, 0x0000000710f00000| 19%| E|  |TAMS 0x0000000710e00000, 0x0000000710e00000| Complete 
| 255|0x0000000710f00000, 0x0000000711000000, 0x0000000711000000|100%| E|CS|TAMS 0x0000000710f00000, 0x0000000710f00000| Complete 
| 256|0x0000000711000000, 0x0000000711100000, 0x0000000711100000|100%| O|  |TAMS 0x0000000711100000, 0x0000000711100000| Untracked 
| 257|0x0000000711100000, 0x0000000711200000, 0x0000000711200000|100%| O|  |TAMS 0x0000000711200000, 0x0000000711200000| Untracked 
| 258|0x0000000711200000, 0x0000000711300000, 0x0000000711300000|100%| O|  |TAMS 0x0000000711300000, 0x0000000711300000| Untracked 
| 259|0x0000000711300000, 0x0000000711400000, 0x0000000711400000|100%| O|  |TAMS 0x0000000711400000, 0x0000000711400000| Untracked 
| 260|0x0000000711400000, 0x0000000711500000, 0x0000000711500000|100%| O|  |TAMS 0x0000000711500000, 0x0000000711500000| Untracked 
| 261|0x0000000711500000, 0x0000000711600000, 0x0000000711600000|100%| O|  |TAMS 0x0000000711600000, 0x0000000711600000| Untracked 
| 262|0x0000000711600000, 0x0000000711700000, 0x0000000711700000|100%| O|  |TAMS 0x0000000711700000, 0x0000000711700000| Untracked 
| 263|0x0000000711700000, 0x0000000711800000, 0x0000000711800000|100%| O|  |TAMS 0x0000000711800000, 0x0000000711800000| Untracked 
| 264|0x0000000711800000, 0x0000000711900000, 0x0000000711900000|100%| O|  |TAMS 0x0000000711900000, 0x0000000711900000| Untracked 

Card table byte_map: [0x000001d2db4d0000,0x000001d2dbcd0000] _byte_map_base: 0x000001d2d7cc8000

Marking Bits (Prev, Next): (CMBitMap*) 0x000001d2c30b7658, (CMBitMap*) 0x000001d2c30b7690
 Prev Bits: [0x000001d2dc4d0000, 0x000001d2e0490000)
 Next Bits: [0x000001d2e0490000, 0x000001d2e4450000)

Polling page: 0x000001d2c2830000

Metaspace:

Usage:
  Non-class:     23.70 MB capacity,    23.40 MB ( 99%) used,   240.83 KB ( <1%) free+waste,    60.38 KB ( <1%) overhead. 
      Class:      2.77 MB capacity,     2.56 MB ( 93%) used,   180.47 KB (  6%) free+waste,    28.69 KB (  1%) overhead. 
       Both:     26.46 MB capacity,    25.97 MB ( 98%) used,   421.30 KB (  2%) free+waste,    89.06 KB ( <1%) overhead. 

Virtual space:
  Non-class space:       24.00 MB reserved,      23.75 MB ( 99%) committed 
      Class space:        1.00 GB reserved,       2.88 MB ( <1%) committed 
             Both:        1.02 GB reserved,      26.63 MB (  3%) committed 

Chunk freelists:
   Non-Class:  55.00 KB
       Class:  13.00 KB
        Both:  68.00 KB

MaxMetaspaceSize: 17179869184.00 GB
CompressedClassSpaceSize: 1.00 GB
Initial GC threshold: 20.80 MB
Current GC threshold: 44.38 MB
CDS: off

CodeHeap 'non-profiled nmethods': size=120000Kb used=2540Kb max_used=2540Kb free=117459Kb
 bounds [0x000001d2d3250000, 0x000001d2d34d0000, 0x000001d2da780000]
CodeHeap 'profiled nmethods': size=120000Kb used=6552Kb max_used=6552Kb free=113447Kb
 bounds [0x000001d2cbd20000, 0x000001d2cc390000, 0x000001d2d3250000]
CodeHeap 'non-nmethods': size=5760Kb used=1390Kb max_used=1567Kb free=4369Kb
 bounds [0x000001d2cb780000, 0x000001d2cb9f0000, 0x000001d2cbd20000]
 total_blobs=3569 nmethods=2853 adapters=628
 compilation: enabled
              stopped_count=0, restarted_count=0
 full_count=0

Compilation events (20 events):
Event: 14.795 Thread 0x000001d2e7afb800 nmethod 2852 0x000001d2cc383910 code [0x000001d2cc383ae0, 0x000001d2cc383e28]
Event: 14.797 Thread 0x000001d2e7af2000 nmethod 2850 0x000001d2d34b5910 code [0x000001d2d34b5aa0, 0x000001d2d34b60f8]
Event: 14.797 Thread 0x000001d2e7af2000 2851       4       com.client.NodeCache::findNodeByID (53 bytes)
Event: 14.798 Thread 0x000001d2e7af2000 nmethod 2851 0x000001d2d34b6210 code [0x000001d2d34b63a0, 0x000001d2d34b6498]
Event: 14.841 Thread 0x000001d2e7af2000 2853       4       sun.awt.image.IntegerComponentRaster::verify (410 bytes)
Event: 14.845 Thread 0x000001d2e7af2000 nmethod 2853 0x000001d2d34b6610 code [0x000001d2d34b67e0, 0x000001d2d34b6c18]
Event: 14.891 Thread 0x000001d2e7afb800 2854       3       com.client.graphics.interfaces.RSInterface::child (23 bytes)
Event: 14.891 Thread 0x000001d2e7afb800 nmethod 2854 0x000001d2cc383f90 code [0x000001d2cc384140, 0x000001d2cc3842d8]
Event: 15.154 Thread 0x000001d2fa81d800 nmethod 2837 0x000001d2d34b6f90 code [0x000001d2d34b76a0, 0x000001d2d34c5370]
Event: 15.439 Thread 0x000001d2e7afb800 2855       3       com.client.NodeList::reverseGetFirst (33 bytes)
Event: 15.439 Thread 0x000001d2e7afb800 nmethod 2855 0x000001d2cc384490 code [0x000001d2cc384640, 0x000001d2cc384858]
Event: 16.086 Thread 0x000001d2e7afb800 2857   !   3       sun.awt.AWTAutoShutdown::setToolkitBusy (124 bytes)
Event: 17.368 Thread 0x000001d2e7af2000 2858   !   4       sun.awt.image.PNGImageDecoder::produceImage (1916 bytes)
Event: 18.706 Thread 0x000001d2e7afb800 nmethod 2857 0x000001d2cc384910 code [0x000001d2cc384b40, 0x000001d2cc3852e8]
Event: 18.706 Thread 0x000001d2e7afb800 2859       3       com.client.NodeList::popHead (24 bytes)
Event: 18.706 Thread 0x000001d2e7afb800 nmethod 2859 0x000001d2cc385610 code [0x000001d2cc3857e0, 0x000001d2cc385988]
Event: 20.457 Thread 0x000001d2e7afb800 2861       3       sun.java2d.d3d.D3DSurfaceData$D3DWindowSurfaceData::isDirty (18 bytes)
Event: 20.457 Thread 0x000001d2e7afb800 nmethod 2861 0x000001d2cc385a90 code [0x000001d2cc385c60, 0x000001d2cc385e88]
Event: 20.457 Thread 0x000001d2e7afb800 2862       3       sun.java2d.StateTrackableDelegate$1::isCurrent (17 bytes)
Event: 20.457 Thread 0x000001d2e7afb800 nmethod 2862 0x000001d2cc385f90 code [0x000001d2cc386140, 0x000001d2cc3862b8]

GC Heap History (20 events):
Event: 12.209 GC heap before
{Heap before GC invocations=8 (full 0):
 garbage-first heap   total 271360K, used 153505K [0x0000000701000000, 0x0000000800000000)
  region size 1024K, 18 young (18432K), 14 survivors (14336K)
 Metaspace       used 26310K, capacity 26838K, committed 27008K, reserved 1073152K
  class space    used 2608K, capacity 2833K, committed 2944K, reserved 1048576K
}
Event: 12.212 GC heap after
{Heap after GC invocations=9 (full 0):
 garbage-first heap   total 271360K, used 153106K [0x0000000701000000, 0x0000000800000000)
  region size 1024K, 2 young (2048K), 2 survivors (2048K)
 Metaspace       used 26310K, capacity 26838K, committed 27008K, reserved 1073152K
  class space    used 2608K, capacity 2833K, committed 2944K, reserved 1048576K
}
Event: 13.733 GC heap before
{Heap before GC invocations=10 (full 0):
 garbage-first heap   total 271360K, used 190994K [0x0000000701000000, 0x0000000800000000)
  region size 1024K, 40 young (40960K), 2 survivors (2048K)
 Metaspace       used 26380K, capacity 26902K, committed 27264K, reserved 1073152K
  class space    used 2609K, capacity 2833K, committed 2944K, reserved 1048576K
}
Event: 13.735 GC heap after
{Heap after GC invocations=11 (full 0):
 garbage-first heap   total 271360K, used 162236K [0x0000000701000000, 0x0000000800000000)
  region size 1024K, 5 young (5120K), 5 survivors (5120K)
 Metaspace       used 26380K, capacity 26902K, committed 27264K, reserved 1073152K
  class space    used 2609K, capacity 2833K, committed 2944K, reserved 1048576K
}
Event: 13.863 GC heap before
{Heap before GC invocations=11 (full 0):
 garbage-first heap   total 271360K, used 166332K [0x0000000701000000, 0x0000000800000000)
  region size 1024K, 11 young (11264K), 5 survivors (5120K)
 Metaspace       used 26518K, capacity 27030K, committed 27264K, reserved 1073152K
  class space    used 2618K, capacity 2833K, committed 2944K, reserved 1048576K
}
Event: 13.865 GC heap after
{Heap after GC invocations=12 (full 0):
 garbage-first heap   total 271360K, used 164993K [0x0000000701000000, 0x0000000800000000)
  region size 1024K, 4 young (4096K), 4 survivors (4096K)
 Metaspace       used 26518K, capacity 27030K, committed 27264K, reserved 1073152K
  class space    used 2618K, capacity 2833K, committed 2944K, reserved 1048576K
}
Event: 13.906 GC heap before
{Heap before GC invocations=13 (full 0):
 garbage-first heap   total 271360K, used 168065K [0x0000000701000000, 0x0000000800000000)
  region size 1024K, 6 young (6144K), 4 survivors (4096K)
 Metaspace       used 26531K, capacity 27036K, committed 27264K, reserved 1073152K
  class space    used 2621K, capacity 2835K, committed 2944K, reserved 1048576K
}
Event: 13.907 GC heap after
{Heap after GC invocations=14 (full 0):
 garbage-first heap   total 271360K, used 167559K [0x0000000701000000, 0x0000000800000000)
  region size 1024K, 1 young (1024K), 1 survivors (1024K)
 Metaspace       used 26531K, capacity 27036K, committed 27264K, reserved 1073152K
  class space    used 2621K, capacity 2835K, committed 2944K, reserved 1048576K
}
Event: 13.955 GC heap before
{Heap before GC invocations=15 (full 0):
 garbage-first heap   total 271360K, used 171655K [0x0000000701000000, 0x0000000800000000)
  region size 1024K, 5 young (5120K), 1 survivors (1024K)
 Metaspace       used 26531K, capacity 27036K, committed 27264K, reserved 1073152K
  class space    used 2621K, capacity 2835K, committed 2944K, reserved 1048576K
}
Event: 13.956 GC heap after
{Heap after GC invocations=16 (full 0):
 garbage-first heap   total 271360K, used 171798K [0x0000000701000000, 0x0000000800000000)
  region size 1024K, 3 young (3072K), 3 survivors (3072K)
 Metaspace       used 26531K, capacity 27036K, committed 27264K, reserved 1073152K
  class space    used 2621K, capacity 2835K, committed 2944K, reserved 1048576K
}
Event: 13.997 GC heap before
{Heap before GC invocations=17 (full 0):
 garbage-first heap   total 271360K, used 175894K [0x0000000701000000, 0x0000000800000000)
  region size 1024K, 6 young (6144K), 3 survivors (3072K)
 Metaspace       used 26538K, capacity 27036K, committed 27264K, reserved 1073152K
  class space    used 2622K, capacity 2835K, committed 2944K, reserved 1048576K
}
Event: 13.998 GC heap after
{Heap after GC invocations=18 (full 0):
 garbage-first heap   total 271360K, used 174134K [0x0000000701000000, 0x0000000800000000)
  region size 1024K, 3 young (3072K), 3 survivors (3072K)
 Metaspace       used 26538K, capacity 27036K, committed 27264K, reserved 1073152K
  class space    used 2622K, capacity 2835K, committed 2944K, reserved 1048576K
}
Event: 14.023 GC heap before
{Heap before GC invocations=19 (full 0):
 garbage-first heap   total 271360K, used 175158K [0x0000000701000000, 0x0000000800000000)
  region size 1024K, 4 young (4096K), 3 survivors (3072K)
 Metaspace       used 26538K, capacity 27036K, committed 27264K, reserved 1073152K
  class space    used 2622K, capacity 2835K, committed 2944K, reserved 1048576K
}
Event: 14.038 GC heap after
{Heap after GC invocations=20 (full 0):
 garbage-first heap   total 271360K, used 174778K [0x0000000701000000, 0x0000000800000000)
  region size 1024K, 3 young (3072K), 3 survivors (3072K)
 Metaspace       used 26538K, capacity 27036K, committed 27264K, reserved 1073152K
  class space    used 2622K, capacity 2835K, committed 2944K, reserved 1048576K
}
Event: 14.230 GC heap before
{Heap before GC invocations=21 (full 0):
 garbage-first heap   total 271360K, used 175802K [0x0000000701000000, 0x0000000800000000)
  region size 1024K, 5 young (5120K), 3 survivors (3072K)
 Metaspace       used 26556K, capacity 27100K, committed 27264K, reserved 1073152K
  class space    used 2623K, capacity 2835K, committed 2944K, reserved 1048576K
}
Event: 14.230 GC heap after
{Heap after GC invocations=22 (full 0):
 garbage-first heap   total 271360K, used 176609K [0x0000000701000000, 0x0000000800000000)
  region size 1024K, 4 young (4096K), 4 survivors (4096K)
 Metaspace       used 26556K, capacity 27100K, committed 27264K, reserved 1073152K
  class space    used 2623K, capacity 2835K, committed 2944K, reserved 1048576K
}
Event: 14.499 GC heap before
{Heap before GC invocations=23 (full 0):
 garbage-first heap   total 271360K, used 178657K [0x0000000701000000, 0x0000000800000000)
  region size 1024K, 6 young (6144K), 4 survivors (4096K)
 Metaspace       used 26557K, capacity 27100K, committed 27264K, reserved 1073152K
  class space    used 2623K, capacity 2835K, committed 2944K, reserved 1048576K
}
Event: 14.500 GC heap after
{Heap after GC invocations=24 (full 0):
 garbage-first heap   total 271360K, used 177506K [0x0000000701000000, 0x0000000800000000)
  region size 1024K, 2 young (2048K), 2 survivors (2048K)
 Metaspace       used 26557K, capacity 27100K, committed 27264K, reserved 1073152K
  class space    used 2623K, capacity 2835K, committed 2944K, reserved 1048576K
}
Event: 14.723 GC heap before
{Heap before GC invocations=25 (full 0):
 garbage-first heap   total 271360K, used 181602K [0x0000000701000000, 0x0000000800000000)
  region size 1024K, 5 young (5120K), 2 survivors (2048K)
 Metaspace       used 26559K, capacity 27100K, committed 27264K, reserved 1073152K
  class space    used 2623K, capacity 2835K, committed 2944K, reserved 1048576K
}
Event: 14.724 GC heap after
{Heap after GC invocations=26 (full 0):
 garbage-first heap   total 271360K, used 180202K [0x0000000701000000, 0x0000000800000000)
  region size 1024K, 3 young (3072K), 3 survivors (3072K)
 Metaspace       used 26559K, capacity 27100K, committed 27264K, reserved 1073152K
  class space    used 2623K, capacity 2835K, committed 2944K, reserved 1048576K
}

Deoptimization events (20 events):
Event: 13.950 Thread 0x000001d2e9a72800 Uncommon trap: trap_request=0xffffffc6 fr.pc=0x000001d2d3327b8c relative=0x00000000000013cc
Event: 13.950 Thread 0x000001d2e9a72800 Uncommon trap: reason=bimorphic_or_optimized_type_check action=maybe_recompile pc=0x000001d2d3327b8c method=java.io.BufferedInputStream.read1([BII)I @ 39 c2
Event: 13.950 Thread 0x000001d2e9a72800 DEOPT PACKING pc=0x000001d2d3327b8c sp=0x000000653e66f040
Event: 13.950 Thread 0x000001d2e9a72800 DEOPT UNPACKING pc=0x000001d2cb7ca1af sp=0x000000653e66ef88 mode 2
Event: 13.950 Thread 0x000001d2e9a72800 Uncommon trap: trap_request=0xffffffc6 fr.pc=0x000001d2d3327b8c relative=0x00000000000013cc
Event: 13.950 Thread 0x000001d2e9a72800 Uncommon trap: reason=bimorphic_or_optimized_type_check action=maybe_recompile pc=0x000001d2d3327b8c method=java.io.BufferedInputStream.read1([BII)I @ 39 c2
Event: 13.950 Thread 0x000001d2e9a72800 DEOPT PACKING pc=0x000001d2d3327b8c sp=0x000000653e66f040
Event: 13.950 Thread 0x000001d2e9a72800 DEOPT UNPACKING pc=0x000001d2cb7ca1af sp=0x000000653e66ef88 mode 2
Event: 13.950 Thread 0x000001d2e9a72800 Uncommon trap: trap_request=0xffffffc6 fr.pc=0x000001d2d32fd69c relative=0x00000000000005bc
Event: 13.950 Thread 0x000001d2e9a72800 Uncommon trap: reason=bimorphic_or_optimized_type_check action=maybe_recompile pc=0x000001d2d32fd69c method=java.io.BufferedInputStream.read1([BII)I @ 39 c2
Event: 13.950 Thread 0x000001d2e9a72800 DEOPT PACKING pc=0x000001d2d32fd69c sp=0x000000653e66efa0
Event: 13.950 Thread 0x000001d2e9a72800 DEOPT UNPACKING pc=0x000001d2cb7ca1af sp=0x000000653e66ef78 mode 2
Event: 15.732 Thread 0x000001d2e8524000 Uncommon trap: trap_request=0xffffffbe fr.pc=0x000001d2d34bfa34 relative=0x0000000000008394
Event: 15.732 Thread 0x000001d2e8524000 Uncommon trap: reason=profile_predicate action=maybe_recompile pc=0x000001d2d34bfa34 method=sun.awt.image.PNGImageDecoder.produceImage()V @ 966 c2
Event: 15.732 Thread 0x000001d2e8524000 DEOPT PACKING pc=0x000001d2d34bfa34 sp=0x000000653e56ebe0
Event: 15.732 Thread 0x000001d2e8524000 DEOPT UNPACKING pc=0x000001d2cb7ca1af sp=0x000000653e56eb78 mode 2
Event: 15.732 Thread 0x000001d2e9a72800 Uncommon trap: trap_request=0xffffffbe fr.pc=0x000001d2d34bfa34 relative=0x0000000000008394
Event: 15.732 Thread 0x000001d2e9a72800 Uncommon trap: reason=profile_predicate action=maybe_recompile pc=0x000001d2d34bfa34 method=sun.awt.image.PNGImageDecoder.produceImage()V @ 966 c2
Event: 15.732 Thread 0x000001d2e9a72800 DEOPT PACKING pc=0x000001d2d34bfa34 sp=0x000000653e66f0e0
Event: 15.732 Thread 0x000001d2e9a72800 DEOPT UNPACKING pc=0x000001d2cb7ca1af sp=0x000000653e66f078 mode 2

Classes redefined (0 events):
No events

Internal exceptions (20 events):
Event: 6.310 Thread 0x000001d2c3053000 Exception <a 'java/lang/NoSuchMethodError'{0x000000070fd3f228}: 'java.lang.Object java.lang.invoke.DirectMethodHandle$Holder.invokeStatic(java.lang.Object, java.lang.Object, java.lang.Object, java.lang.Object, java.lang.Object, java.lang.Object, java.lang.Object, java.lang.Object, java.lang.Object, java.lang.Object, java.lang.Object, int)'> (0x000000070fd3f228) thrown at [./src/hotspot/share/interpreter/linkResolver.cpp, line 773]
Event: 6.318 Thread 0x000001d2c3053000 Exception <a 'java/lang/NoSuchMethodError'{0x000000070fd5d128}: 'java.lang.Object java.lang.invoke.DirectMethodHandle$Holder.invokeStatic(java.lang.Object, java.lang.Object, java.lang.Object, java.lang.Object, java.lang.Object, java.lang.Object, java.lang.Object, java.lang.Object, java.lang.Object, java.lang.Object, java.lang.Object, int, int)'> (0x000000070fd5d128) thrown at [./src/hotspot/share/interpreter/linkResolver.cpp, line 773]
Event: 6.321 Thread 0x000001d2c3053000 Exception <a 'java/lang/NoSuchMethodError'{0x000000070fd7c160}: 'java.lang.Object java.lang.invoke.DirectMethodHandle$Holder.invokeStatic(java.lang.Object, java.lang.Object, java.lang.Object, java.lang.Object, java.lang.Object, java.lang.Object, java.lang.Object, java.lang.Object, java.lang.Object, java.lang.Object, java.lang.Object, int, int, java.lang.Object)'> (0x000000070fd7c160) thrown at [./src/hotspot/share/interpreter/linkResolver.cpp, line 773]
Event: 6.323 Thread 0x000001d2c3053000 Exception <a 'java/lang/NoSuchMethodError'{0x000000070fd9c578}: 'java.lang.Object java.lang.invoke.DirectMethodHandle$Holder.invokeStatic(java.lang.Object, java.lang.Object, java.lang.Object, java.lang.Object, java.lang.Object, java.lang.Object, java.lang.Object, java.lang.Object, java.lang.Object, java.lang.Object, java.lang.Object, int, int, java.lang.Object, java.lang.Object)'> (0x000000070fd9c578) thrown at [./src/hotspot/share/interpreter/linkResolver.cpp, line 773]
Event: 6.374 Thread 0x000001d2c3053000 Exception <a 'java/lang/NoSuchMethodError'{0x000000070fc17a00}: 'java.lang.Object java.lang.invoke.DirectMethodHandle$Holder.invokeStatic(java.lang.Object, java.lang.Object, java.lang.Object, java.lang.Object, java.lang.Object, java.lang.Object, java.lang.Object, java.lang.Object, java.lang.Object, java.lang.Object, java.lang.Object, java.lang.Object, java.lang.Object, int)'> (0x000000070fc17a00) thrown at [./src/hotspot/share/interpreter/linkResolver.cpp, line 773]
Event: 6.374 Thread 0x000001d2c3053000 Exception <a 'java/lang/NoSuchMethodError'{0x000000070fc24150}: 'java.lang.Object java.lang.invoke.DirectMethodHandle$Holder.invokeStatic(java.lang.Object, java.lang.Object, java.lang.Object, java.lang.Object, java.lang.Object, java.lang.Object, java.lang.Object, java.lang.Object, java.lang.Object, java.lang.Object, java.lang.Object, java.lang.Object, java.lang.Object, int, int)'> (0x000000070fc24150) thrown at [./src/hotspot/share/interpreter/linkResolver.cpp, line 773]
Event: 6.394 Thread 0x000001d2c3053000 Exception <a 'java/lang/ClassNotFoundException'{0x000000070fc778e0}: com/sun/java/swing/plaf/windows/resources/spi/windowsProvider> (0x000000070fc778e0) thrown at [./src/hotspot/share/classfile/systemDictionary.cpp, line 231]
Event: 6.395 Thread 0x000001d2c3053000 Exception <a 'java/lang/ClassNotFoundException'{0x000000070fc7d2f0}: com/sun/swing/internal/plaf/basic/resources/spi/basicProvider> (0x000000070fc7d2f0) thrown at [./src/hotspot/share/classfile/systemDictionary.cpp, line 231]
Event: 6.469 Thread 0x000001d2c3053000 Implicit null exception at 0x000001d2d327ee78 to 0x000001d2d327ef0a
Event: 6.502 Thread 0x000001d2c3053000 Exception <a 'java/lang/NoSuchMethodError'{0x000000070fbe2378}: 'java.lang.Object java.lang.invoke.DirectMethodHandle$Holder.invokeStatic(java.lang.Object, int, int, int, int)'> (0x000000070fbe2378) thrown at [./src/hotspot/share/interpreter/linkResolver.cpp, line 773]
Event: 6.502 Thread 0x000001d2c3053000 Exception <a 'java/lang/NoSuchMethodError'{0x000000070fbe54a0}: 'java.lang.Object java.lang.invoke.DirectMethodHandle$Holder.invokeStaticInit(java.lang.Object, int, int, int, int)'> (0x000000070fbe54a0) thrown at [./src/hotspot/share/interpreter/linkResolver.cpp, line 773]
Event: 6.710 Thread 0x000001d2c3053000 Exception <a 'java/lang/NoSuchMethodError'{0x000000070fa8ee88}: 'java.lang.Object java.lang.invoke.DirectMethodHandle$Holder.invokeStatic(java.lang.Object, java.lang.Object, int, int, int, int)'> (0x000000070fa8ee88) thrown at [./src/hotspot/share/interpreter/linkResolver.cpp, line 773]
Event: 6.710 Thread 0x000001d2c3053000 Exception <a 'java/lang/NoSuchMethodError'{0x000000070fa92858}: 'java.lang.Object java.lang.invoke.DirectMethodHandle$Holder.invokeStaticInit(java.lang.Object, java.lang.Object, int, int, int, int)'> (0x000000070fa92858) thrown at [./src/hotspot/share/interpreter/linkResolver.cpp, line 773]
Event: 6.872 Thread 0x000001d2c3053000 Exception <a 'java/lang/NoSuchMethodError'{0x0000000710d10b48}: 'java.lang.Object java.lang.invoke.Invokers$Holder.linkToTargetMethod(java.lang.Object, int, java.lang.Object)'> (0x0000000710d10b48) thrown at [./src/hotspot/share/interpreter/linkResolver.cpp, line 773]
Event: 7.662 Thread 0x000001d2f1a4a000 Exception <a 'java/lang/ClassNotFoundException'{0x0000000710e15bb8}: sun/util/logging/resources/spi/loggingProvider> (0x0000000710e15bb8) thrown at [./src/hotspot/share/classfile/systemDictionary.cpp, line 231]
Event: 8.957 Thread 0x000001d2f1a4a000 Exception <a 'java/lang/NoSuchMethodError'{0x000000070fc13e08}: 'void java.lang.invoke.DirectMethodHandle$Holder.invokeStaticInit(java.lang.Object, java.lang.Object)'> (0x000000070fc13e08) thrown at [./src/hotspot/share/interpreter/linkResolver.cpp, line 773]
Event: 9.004 Thread 0x000001d2f1a4a000 Exception <a 'java/lang/NoSuchMethodError'{0x000000070fb09f80}: 'int java.lang.invoke.DirectMethodHandle$Holder.invokeSpecialIFC(java.lang.Object, java.lang.Object, int)'> (0x000000070fb09f80) thrown at [./src/hotspot/share/interpreter/linkResolver.cpp, line 773]
Event: 11.222 Thread 0x000001d2f1a4a000 Exception <a 'java/lang/ArrayIndexOutOfBoundsException'{0x000000070c03e4f8}: Index 3484 out of bounds for length 3484> (0x000000070c03e4f8) thrown at [./src/hotspot/share/interpreter/interpreterRuntime.cpp, line 444]
Event: 11.431 Thread 0x000001d2f1a4a000 Exception <a 'java/lang/ArrayIndexOutOfBoundsException'{0x000000070babfd00}: Index 2762 out of bounds for length 2762> (0x000000070babfd00) thrown at [./src/hotspot/share/interpreter/interpreterRuntime.cpp, line 444]
Event: 11.576 Thread 0x000001d2e9a72800 Implicit null exception at 0x000001d2d3308314 to 0x000001d2d330904c

Events (20 events):
Event: 14.511 Executing VM operation: CGC_Operation
Event: 14.513 Executing VM operation: CGC_Operation done
Event: 14.530 Executing VM operation: CGC_Operation
Event: 14.531 Executing VM operation: CGC_Operation done
Event: 14.723 Executing VM operation: G1CollectForAllocation
Event: 14.724 Executing VM operation: G1CollectForAllocation done
Event: 14.736 Executing VM operation: CGC_Operation
Event: 14.737 Executing VM operation: CGC_Operation done
Event: 14.744 Executing VM operation: CGC_Operation
Event: 14.744 Executing VM operation: CGC_Operation done
Event: 14.795 loading class com/client/graphics/interfaces/impl/SettingsTabWidget
Event: 14.795 loading class com/client/graphics/interfaces/impl/SettingsTabWidget done
Event: 14.798 loading class com/client/graphics/interfaces/impl/Slider
Event: 14.798 loading class com/client/graphics/interfaces/impl/Slider done
Event: 14.801 loading class com/client/graphics/interfaces/dropdown/PlayerAttackOptionMenu
Event: 14.801 loading class com/client/graphics/interfaces/dropdown/PlayerAttackOptionMenu done
Event: 14.803 loading class com/client/graphics/interfaces/dropdown/NpcAttackOptionMenu
Event: 14.803 loading class com/client/graphics/interfaces/dropdown/NpcAttackOptionMenu done
Event: 15.439 Thread 0x000001d2fa81d800 Thread exited: 0x000001d2fa81d800
Event: 15.884 Loaded shared library C:\Users\Administrator\.jdks\corretto-11.0.13\bin\java.dll


Dynamic libraries:
0x00007ff6a2520000 - 0x00007ff6a252d000 	C:\Users\Administrator\.jdks\corretto-11.0.13\bin\java.exe
0x00007ff9b8a80000 - 0x00007ff9b8c87000 	C:\Windows\SYSTEM32\ntdll.dll
0x00007ff9b6aa0000 - 0x00007ff9b6b5d000 	C:\Windows\System32\KERNEL32.DLL
0x00007ff9b6440000 - 0x00007ff9b67b4000 	C:\Windows\System32\KERNELBASE.dll
0x00007ff9b60c0000 - 0x00007ff9b61d1000 	C:\Windows\System32\ucrtbase.dll
0x00007ff9aa6f0000 - 0x00007ff9aa709000 	C:\Users\Administrator\.jdks\corretto-11.0.13\bin\VCRUNTIME140.dll
0x00007ff9aa710000 - 0x00007ff9aa727000 	C:\Users\Administrator\.jdks\corretto-11.0.13\bin\jli.dll
0x00007ff9b68e0000 - 0x00007ff9b6a8c000 	C:\Windows\System32\USER32.dll
0x00007ff9a8930000 - 0x00007ff9a8bd5000 	C:\Windows\WinSxS\amd64_microsoft.windows.common-controls_6595b64144ccf1df_6.0.22000.120_none_9d947278b86cc467\COMCTL32.dll
0x00007ff9b61e0000 - 0x00007ff9b6206000 	C:\Windows\System32\win32u.dll
0x00007ff9b6cb0000 - 0x00007ff9b6d53000 	C:\Windows\System32\msvcrt.dll
0x00007ff9b7280000 - 0x00007ff9b72a9000 	C:\Windows\System32\GDI32.dll
0x00007ff9b5f30000 - 0x00007ff9b6042000 	C:\Windows\System32\gdi32full.dll
0x00007ff9b6840000 - 0x00007ff9b68dd000 	C:\Windows\System32\msvcp_win.dll
0x00007ff9b82c0000 - 0x00007ff9b82f1000 	C:\Windows\System32\IMM32.DLL
0x00007ff98aa70000 - 0x00007ff98ab0b000 	C:\Users\Administrator\.jdks\corretto-11.0.13\bin\msvcp140.dll
0x00007ff95c460000 - 0x00007ff95cfdf000 	C:\Users\Administrator\.jdks\corretto-11.0.13\bin\server\jvm.dll
0x00007ff9b77e0000 - 0x00007ff9b788c000 	C:\Windows\System32\ADVAPI32.dll
0x00007ff9b81c0000 - 0x00007ff9b825d000 	C:\Windows\System32\sechost.dll
0x00007ff9b7570000 - 0x00007ff9b7691000 	C:\Windows\System32\RPCRT4.dll
0x00007ff9b6d60000 - 0x00007ff9b6d68000 	C:\Windows\System32\PSAPI.DLL
0x00007ff99dc40000 - 0x00007ff99dc49000 	C:\Windows\SYSTEM32\WSOCK32.dll
0x00007ff9b8300000 - 0x00007ff9b836f000 	C:\Windows\System32\WS2_32.dll
0x00007ff9b04c0000 - 0x00007ff9b04ca000 	C:\Windows\SYSTEM32\VERSION.dll
0x00007ff9ab0f0000 - 0x00007ff9ab123000 	C:\Windows\SYSTEM32\WINMM.dll
0x00007ff9b5050000 - 0x00007ff9b5068000 	C:\Windows\SYSTEM32\kernel.appcore.dll
0x00007ff9a1370000 - 0x00007ff9a1380000 	C:\Users\Administrator\.jdks\corretto-11.0.13\bin\verify.dll
0x00007ff9a6080000 - 0x00007ff9a62a1000 	C:\Windows\SYSTEM32\DBGHELP.DLL
0x00007ff9a3050000 - 0x00007ff9a3081000 	C:\Windows\SYSTEM32\dbgcore.DLL
0x00007ff9b67c0000 - 0x00007ff9b6840000 	C:\Windows\System32\bcryptPrimitives.dll
0x00007ff98aa40000 - 0x00007ff98aa68000 	C:\Users\Administrator\.jdks\corretto-11.0.13\bin\java.dll
0x00007ff9a1360000 - 0x00007ff9a136a000 	C:\Users\Administrator\.jdks\corretto-11.0.13\bin\jimage.dll
0x00007ff9a1120000 - 0x00007ff9a112e000 	C:\Users\Administrator\.jdks\corretto-11.0.13\bin\instrument.dll
0x00007ff987c60000 - 0x00007ff987c77000 	C:\Users\Administrator\.jdks\corretto-11.0.13\bin\zip.dll
0x00007ff9b7920000 - 0x00007ff9b80ca000 	C:\Windows\System32\SHELL32.dll
0x00007ff9b40d0000 - 0x00007ff9b4932000 	C:\Windows\SYSTEM32\windows.storage.dll
0x00007ff9b6f00000 - 0x00007ff9b7278000 	C:\Windows\System32\combase.dll
0x00007ff9b3f60000 - 0x00007ff9b40c6000 	C:\Windows\SYSTEM32\wintypes.dll
0x00007ff9b80d0000 - 0x00007ff9b81ba000 	C:\Windows\System32\SHCORE.dll
0x00007ff9b6c50000 - 0x00007ff9b6cad000 	C:\Windows\System32\shlwapi.dll
0x00007ff9b5e60000 - 0x00007ff9b5e81000 	C:\Windows\SYSTEM32\profapi.dll
0x00007ff987c40000 - 0x00007ff987c59000 	C:\Users\Administrator\.jdks\corretto-11.0.13\bin\net.dll
0x00007ff9b12d0000 - 0x00007ff9b13dc000 	C:\Windows\SYSTEM32\WINHTTP.dll
0x00007ff9b54d0000 - 0x00007ff9b5537000 	C:\Windows\system32\mswsock.dll
0x00007ff987c20000 - 0x00007ff987c32000 	C:\Users\Administrator\.jdks\corretto-11.0.13\bin\nio.dll
0x00007ff986be0000 - 0x00007ff986bfa000 	C:\Program Files\JetBrains\IntelliJ IDEA Community Edition 2021.2.3\bin\breakgen64.dll
0x00007ff97be10000 - 0x00007ff97bfaa000 	C:\Users\Administrator\.jdks\corretto-11.0.13\bin\awt.dll
0x00007ff9b6d70000 - 0x00007ff9b6e46000 	C:\Windows\System32\OLEAUT32.dll
0x00007ff9b3500000 - 0x00007ff9b3591000 	C:\Windows\SYSTEM32\apphelp.dll
0x00007ff9b3b70000 - 0x00007ff9b3b9f000 	C:\Windows\system32\DWMAPI.DLL
0x00007ff9b3670000 - 0x00007ff9b371c000 	C:\Windows\system32\uxtheme.dll
0x00007ff96d850000 - 0x00007ff96d951000 	C:\Windows\system32\opengl32.dll
0x00007ff96d820000 - 0x00007ff96d84d000 	C:\Windows\SYSTEM32\GLU32.dll
0x00007ff9b37b0000 - 0x00007ff9b37e8000 	C:\Windows\SYSTEM32\dxcore.dll
0x00007ff9b76c0000 - 0x00007ff9b77de000 	C:\Windows\System32\MSCTF.dll
0x00007ff9b72b0000 - 0x00007ff9b744a000 	C:\Windows\System32\ole32.dll
0x00007ff9ac410000 - 0x00007ff9ac5b6000 	C:\Windows\system32\d3d9.dll
0x00007ff9a92a0000 - 0x00007ff9a9350000 	C:\Windows\System32\DriverStore\FileRepository\nv_dispi.inf_amd64_4d7400884d0d52e3\nvldumdx.dll
0x00007ff9b57f0000 - 0x00007ff9b5802000 	C:\Windows\SYSTEM32\msasn1.dll
0x00007ff9b0480000 - 0x00007ff9b04b1000 	C:\Windows\SYSTEM32\cryptnet.dll
0x00007ff9b6210000 - 0x00007ff9b6372000 	C:\Windows\System32\CRYPT32.dll
0x00007ff9adf30000 - 0x00007ff9ae079000 	C:\Windows\SYSTEM32\drvstore.dll
0x00007ff9b5c50000 - 0x00007ff9b5c7c000 	C:\Windows\SYSTEM32\devobj.dll
0x00007ff9b5c00000 - 0x00007ff9b5c4c000 	C:\Windows\SYSTEM32\cfgmgr32.dll
0x00007ff9b5860000 - 0x00007ff9b589d000 	C:\Windows\SYSTEM32\wldp.dll
0x00007ff9b57b0000 - 0x00007ff9b57bc000 	C:\Windows\SYSTEM32\cryptbase.dll
0x00007ff9b6050000 - 0x00007ff9b60b6000 	C:\Windows\System32\WINTRUST.DLL
0x00007ff9b74e0000 - 0x00007ff9b74ff000 	C:\Windows\System32\imagehlp.dll
0x00007ff9b5790000 - 0x00007ff9b57a8000 	C:\Windows\SYSTEM32\CRYPTSP.dll
0x00007ff9b4fb0000 - 0x00007ff9b4fe5000 	C:\Windows\system32\rsaenh.dll
0x00007ff9b5910000 - 0x00007ff9b5937000 	C:\Windows\SYSTEM32\bcrypt.dll
0x00007ff92c8e0000 - 0x00007ff92e068000 	C:\Windows\System32\DriverStore\FileRepository\nv_dispi.inf_amd64_4d7400884d0d52e3\nvd3dumx.dll
0x00007ff9b0c20000 - 0x00007ff9b0c64000 	C:\Windows\SYSTEM32\directxdatabasehelper.dll
0x00007ff9b38f0000 - 0x00007ff9b3924000 	C:\Windows\SYSTEM32\ntmarta.dll
0x00007ff943ee0000 - 0x00007ff9441a3000 	C:\Windows\system32\nvspcap64.dll
0x00007ff9b5570000 - 0x00007ff9b5594000 	C:\Windows\SYSTEM32\gpapi.dll
0x00007ff9aa2b0000 - 0x00007ff9aa2c7000 	C:\Windows\system32\napinsp.dll
0x00007ff9aa270000 - 0x00007ff9aa28b000 	C:\Windows\system32\pnrpnsp.dll
0x00007ff9b4bc0000 - 0x00007ff9b4ca7000 	C:\Windows\SYSTEM32\DNSAPI.dll
0x00007ff9b4b90000 - 0x00007ff9b4bbd000 	C:\Windows\SYSTEM32\IPHLPAPI.DLL
0x00007ff9b7500000 - 0x00007ff9b7509000 	C:\Windows\System32\NSI.dll
0x00007ff9aa1f0000 - 0x00007ff9aa202000 	C:\Windows\System32\winrnr.dll
0x00007ff9a9fa0000 - 0x00007ff9a9fb5000 	C:\Windows\system32\wshbth.dll
0x00007ff9a9f60000 - 0x00007ff9a9f7f000 	C:\Windows\system32\nlansp_c.dll
0x00007ff9aebc0000 - 0x00007ff9aebca000 	C:\Windows\System32\rasadhlp.dll
0x00007ff9afd20000 - 0x00007ff9afda1000 	C:\Windows\System32\fwpuclnt.dll
0x00007ff97ca00000 - 0x00007ff97ca86000 	C:\Users\Administrator\.jdks\corretto-11.0.13\bin\freetype.dll
0x00007ff97c710000 - 0x00007ff97c7b6000 	C:\Users\Administrator\.jdks\corretto-11.0.13\bin\fontmanager.dll
0x00007ff9b5640000 - 0x00007ff9b5669000 	C:\Windows\SYSTEM32\USERENV.dll
0x00007ff9b1150000 - 0x00007ff9b1169000 	C:\Windows\SYSTEM32\dhcpcsvc6.DLL
0x00007ff9b16f0000 - 0x00007ff9b170e000 	C:\Windows\SYSTEM32\dhcpcsvc.DLL
0x00007ff998930000 - 0x00007ff998a5d000 	C:\Windows\SYSTEM32\textinputframework.dll
0x00007ff9b30c0000 - 0x00007ff9b31f2000 	C:\Windows\SYSTEM32\CoreMessaging.dll
0x00007ff9b04d0000 - 0x00007ff9b083d000 	C:\Windows\SYSTEM32\CoreUIComponents.dll

dbghelp: loaded successfully - version: 4.0.5 - missing functions: none
symbol engine: initialized successfully - sym options: 0x614 - pdb path: .;C:\Users\Administrator\.jdks\corretto-11.0.13\bin;C:\Windows\SYSTEM32;C:\Windows\WinSxS\amd64_microsoft.windows.common-controls_6595b64144ccf1df_6.0.22000.120_none_9d947278b86cc467;C:\Users\Administrator\.jdks\corretto-11.0.13\bin\server;C:\Program Files\JetBrains\IntelliJ IDEA Community Edition 2021.2.3\bin;C:\Windows\System32\DriverStore\FileRepository\nv_dispi.inf_amd64_4d7400884d0d52e3

VM Arguments:
jvm_args: -javaagent:C:\Program Files\JetBrains\IntelliJ IDEA Community Edition 2021.2.3\lib\idea_rt.jar=50695:C:\Program Files\JetBrains\IntelliJ IDEA Community Edition 2021.2.3\bin -Dfile.encoding=UTF-8 
java_command: com.client.Client -l
java_class_path (initial): C:\Users\Administrator\Desktop\xero 204\xeros with 204 data\Client\Client\out\production\classes;C:\Users\Administrator\Desktop\xero 204\xeros with 204 data\Client\Client\out\production\resources;C:\Users\Administrator\.gradle\caches\modules-2\files-2.1\ch.qos.logback\logback-classic\1.2.3\7c4f3c474fb2c041d8028740440937705ebb473a\logback-classic-1.2.3.jar;C:\Users\Administrator\.gradle\caches\modules-2\files-2.1\org.slf4j\slf4j-api\1.7.25\da76ca59f6a57ee3102f8f9bd9cee742973efa8a\slf4j-api-1.7.25.jar;C:\Users\Administrator\.gradle\caches\modules-2\files-2.1\com.google.guava\guava\19.0\6ce200f6b23222af3d8abb6b6459e6c44f4bb0e9\guava-19.0.jar;C:\Users\Administrator\.gradle\caches\modules-2\files-2.1\commons-io\commons-io\2.6\815893df5f31da2ece4040fe0a12fd44b577afaf\commons-io-2.6.jar;C:\Users\Administrator\.gradle\caches\modules-2\files-2.1\org.apache.commons\commons-lang3\3.9\122c7cee69b53ed4a7681c03d4ee4c0e2765da5\commons-lang3-3.9.jar;C:\Users\Administrator\.gradle\caches\modules-2\files-2.1\com.fasterxml.jackson.core\jackson-databind\2.8.6\c43de61f74ecc61322ef8f402837ba65b0aa2bf4\jackson-databind-2.8.6.jar;C:\Users\Administrator\.gradle\caches\modules-2\files-2.1\com.dorkbox\Notify\3.7\e02d76b599723fa4df6e8035ada16bc95e9c4402\Notify-3.7.jar;C:\Users\Administrator\.gradle\caches\modules-2\files-2.1\com.google.code.gson\gson\2.8.6\9180733b7df8542621dc12e21e87557e8c99b8cb\gson-2.8.6.jar;C:\Users\Administrator\.gradle\caches\modules-2\files-2.1\net.oneandone.reflections8\reflections8\0.11.7\e71f98ce021b886a4bb249397c93c968b62e6ed4\reflections8-0.11.7.jar;C:\Users\Administrator\.gradle\caches\modules-2\files-2.1\com.fasterxml.jackson.dataformat\jackson-dataformat-yaml\2.8.6\8bd44d50f9a6cdff9c7578ea39d524eb519e35ab\jackson-dataformat-yaml-2.8.6.jar;C:\Users\Administrator\.gradle\caches\modules-2\files-2.1\com.fasterxml.jackson.core\jackson-core\2.8.6\2ef7b1cc34de149600f5e75bc2d5bf40de894e60\jackson-core-2.8.6.jar;C:\Users\Administrator\.gradle
Launcher Type: SUN_STANDARD

[Global flags]
     intx CICompilerCount                          = 4                                         {product} {ergonomic}
     uint ConcGCThreads                            = 3                                         {product} {ergonomic}
     uint G1ConcRefinementThreads                  = 10                                        {product} {ergonomic}
   size_t G1HeapRegionSize                         = 1048576                                   {product} {ergonomic}
    uintx GCDrainStackTargetSize                   = 64                                        {product} {ergonomic}
   size_t InitialHeapSize                          = 268435456                                 {product} {ergonomic}
   size_t MarkStackSize                            = 4194304                                   {product} {ergonomic}
   size_t MaxHeapSize                              = 4278190080                                {product} {ergonomic}
   size_t MaxNewSize                               = 2566914048                                {product} {ergonomic}
   size_t MinHeapDeltaBytes                        = 1048576                                   {product} {ergonomic}
    uintx NonNMethodCodeHeapSize                   = 5836300                                {pd product} {ergonomic}
    uintx NonProfiledCodeHeapSize                  = 122910970                              {pd product} {ergonomic}
    uintx ProfiledCodeHeapSize                     = 122910970                              {pd product} {ergonomic}
    uintx ReservedCodeCacheSize                    = 251658240                              {pd product} {ergonomic}
     bool SegmentedCodeCache                       = true                                      {product} {ergonomic}
     bool UseCompressedClassPointers               = true                                 {lp64_product} {ergonomic}
     bool UseCompressedOops                        = true                                 {lp64_product} {ergonomic}
     bool UseG1GC                                  = true                                      {product} {ergonomic}
     bool UseLargePagesIndividualAllocation        = false                                  {pd product} {ergonomic}

Logging:
Log output configuration:
 #0: stdout all=warning uptime,level,tags
 #1: stderr all=off uptime,level,tags

Environment Variables:
PATH=C:\Program Files (x86)\VMware\VMware Player\bin\;C:\Program Files\Common Files\Oracle\Java\javapath;C:\Program Files (x86)\Razer\ChromaBroadcast\bin;C:\Program Files\Razer\ChromaBroadcast\bin;C:\Windows\system32;C:\Windows;C:\Windows\System32\Wbem;C:\Windows\System32\WindowsPowerShell\v1.0\;C:\Windows\System32\OpenSSH\;C:\Windows\system32\config\systemprofile\AppData\Local\Microsoft\WindowsApps;C:\Program Files (x86)\NVIDIA Corporation\PhysX\Common;C:\Program Files\NVIDIA Corporation\NVIDIA NvDLISR;C:\Program Files\nodejs\;C:\Program Files\Git\cmd;C:\Program Files\dotnet\;C:\Users\Administrator\AppData\Local\Microsoft\WindowsApps;C:\Program Files\JetBrains\IntelliJ IDEA Community Edition 2021.2.3\bin;C:\Users\Administrator\AppData\Roaming\npm;C:\Users\Administrator\AppData\Local\gitkraken\bin;C:\Users\Administrator\.dotnet\tools
USERNAME=Administrator
OS=Windows_NT
PROCESSOR_IDENTIFIER=AMD64 Family 23 Model 113 Stepping 0, AuthenticAMD



---------------  S Y S T E M  ---------------

OS: Windows 10 , 64 bit Build 22000 (10.0.22000.318)
OS uptime: 25 days 9:34 hours

CPU:total 12 (initial active 12) (12 cores per cpu, 2 threads per core) family 23 model 113 stepping 0 microcode 0x0, cmov, cx8, fxsr, mmx, sse, sse2, sse3, ssse3, sse4.1, sse4.2, popcnt, avx, avx2, aes, clmul, mmxext, 3dnowpref, lzcnt, sse4a, ht, tsc, tscinvbit, tscinv, bmi1, bmi2, adx, sha, fma

Memory: 4k page, system-wide physical 16315M (789M free)
TotalPageFile size 44832M (AvailPageFile size 70M)
current process WorkingSet (physical memory assigned to process): 382M, peak: 457M
current process commit charge ("private bytes"): 451M, peak: 555M

vm_info: OpenJDK 64-Bit Server VM (11.0.13+8-LTS) for windows-amd64 JRE (11.0.13+8-LTS), built on Oct 13 2021 21:32:06 by "Administrator" with unknown MS VC++:1916

END.
